[debug] [2021-07-05T08:13:46.028Z] ----------------------------------------------------------------------
[debug] [2021-07-05T08:13:46.030Z] Command:       /usr/local/bin/node /usr/local/bin/firebase deploy
[debug] [2021-07-05T08:13:46.030Z] CLI Version:   9.12.0
[debug] [2021-07-05T08:13:46.030Z] Platform:      darwin
[debug] [2021-07-05T08:13:46.030Z] Node Version:  v14.17.0
[debug] [2021-07-05T08:13:46.034Z] Time:          Mon Jul 05 2021 15:13:46 GMT+0700 (Indochina Time)
[debug] [2021-07-05T08:13:46.035Z] ----------------------------------------------------------------------
[debug] 
[debug] [2021-07-05T08:13:46.038Z] >>> [apiv2][query] GET https://firebase-public.firebaseio.com/cli.json [none]
[debug] [2021-07-05T08:13:46.063Z] > command requires scopes: ["email","openid","https://www.googleapis.com/auth/cloudplatformprojects.readonly","https://www.googleapis.com/auth/firebase","https://www.googleapis.com/auth/cloud-platform"]
[debug] [2021-07-05T08:13:46.063Z] > authorizing via signed-in user (puthearith.pheng@gmail.com)
[debug] [2021-07-05T08:13:46.063Z] [iam] checking project ecommerce-1625a for permissions ["cloudfunctions.functions.create","cloudfunctions.functions.delete","cloudfunctions.functions.get","cloudfunctions.functions.list","cloudfunctions.functions.update","cloudfunctions.operations.get","datastore.indexes.create","datastore.indexes.delete","datastore.indexes.list","datastore.indexes.update","firebase.projects.get","firebasehosting.sites.update","firebaserules.releases.create","firebaserules.releases.update","firebaserules.rulesets.create"]
[debug] [2021-07-05T08:13:46.064Z] > refreshing access token with scopes: ["email","https://www.googleapis.com/auth/cloud-platform","https://www.googleapis.com/auth/cloudplatformprojects.readonly","https://www.googleapis.com/auth/firebase","openid"]
[debug] [2021-07-05T08:13:46.064Z] >>> HTTP REQUEST POST https://www.googleapis.com/oauth2/v3/token  
 <request body omitted>
[debug] [2021-07-05T08:13:46.394Z] <<< HTTP RESPONSE 200 {"cache-control":"no-cache, no-store, max-age=0, must-revalidate","date":"Mon, 05 Jul 2021 08:13:46 GMT","pragma":"no-cache","expires":"Mon, 01 Jan 1990 00:00:00 GMT","content-type":"application/json; charset=utf-8","vary":"X-Origin, Referer, Origin,Accept-Encoding","server":"scaffolding on HTTPServer2","x-xss-protection":"0","x-frame-options":"SAMEORIGIN","x-content-type-options":"nosniff","alt-svc":"h3=\":443\"; ma=2592000,h3-29=\":443\"; ma=2592000,h3-T051=\":443\"; ma=2592000,h3-Q050=\":443\"; ma=2592000,h3-Q046=\":443\"; ma=2592000,h3-Q043=\":443\"; ma=2592000,quic=\":443\"; ma=2592000; v=\"46,43\"","accept-ranges":"none","transfer-encoding":"chunked"}
[debug] [2021-07-05T08:13:46.437Z] >>> HTTP REQUEST POST https://cloudresourcemanager.googleapis.com/v1/projects/ecommerce-1625a:testIamPermissions  
 {"permissions":["cloudfunctions.functions.create","cloudfunctions.functions.delete","cloudfunctions.functions.get","cloudfunctions.functions.list","cloudfunctions.functions.update","cloudfunctions.operations.get","datastore.indexes.create","datastore.indexes.delete","datastore.indexes.list","datastore.indexes.update","firebase.projects.get","firebasehosting.sites.update","firebaserules.releases.create","firebaserules.releases.update","firebaserules.rulesets.create"]}
[debug] [2021-07-05T08:13:46.913Z] <<< [apiv2][status] GET https://firebase-public.firebaseio.com/cli.json 200
[debug] [2021-07-05T08:13:46.914Z] <<< [apiv2][body] GET https://firebase-public.firebaseio.com/cli.json {"cloudBuildErrorAfter":1594252800000,"cloudBuildWarnAfter":1590019200000,"defaultNode10After":1594252800000,"minVersion":"3.0.5","node8DeploysDisabledAfter":1613390400000,"node8RuntimeDisabledAfter":1615809600000,"node8WarnAfter":1600128000000}
[debug] [2021-07-05T08:13:47.616Z] <<< HTTP RESPONSE 200 {"content-type":"application/json; charset=UTF-8","vary":"X-Origin, Referer, Origin,Accept-Encoding","date":"Mon, 05 Jul 2021 08:13:47 GMT","server":"ESF","cache-control":"private","x-xss-protection":"0","x-frame-options":"SAMEORIGIN","x-content-type-options":"nosniff","server-timing":"gfet4t7; dur=971","alt-svc":"h3=\":443\"; ma=2592000,h3-29=\":443\"; ma=2592000,h3-T051=\":443\"; ma=2592000,h3-Q050=\":443\"; ma=2592000,h3-Q046=\":443\"; ma=2592000,h3-Q043=\":443\"; ma=2592000,quic=\":443\"; ma=2592000; v=\"46,43\"","accept-ranges":"none","transfer-encoding":"chunked"}
[debug] [2021-07-05T08:13:47.616Z] >>> HTTP REQUEST POST https://iam.googleapis.com/v1/projects/ecommerce-1625a/serviceAccounts/ecommerce-1625a@appspot.gserviceaccount.com:testIamPermissions  
 {"permissions":["iam.serviceAccounts.actAs"]}
[debug] [2021-07-05T08:13:48.906Z] <<< HTTP RESPONSE 200 {"content-type":"application/json; charset=UTF-8","vary":"X-Origin, Referer, Origin,Accept-Encoding","date":"Mon, 05 Jul 2021 08:13:48 GMT","server":"ESF","cache-control":"private","x-xss-protection":"0","x-frame-options":"SAMEORIGIN","x-content-type-options":"nosniff","alt-svc":"h3=\":443\"; ma=2592000,h3-29=\":443\"; ma=2592000,h3-T051=\":443\"; ma=2592000,h3-Q050=\":443\"; ma=2592000,h3-Q046=\":443\"; ma=2592000,h3-Q043=\":443\"; ma=2592000,quic=\":443\"; ma=2592000; v=\"46,43\"","accept-ranges":"none","transfer-encoding":"chunked"}
[debug] [2021-07-05T08:13:48.908Z] > refreshing access token with scopes: []
[debug] [2021-07-05T08:13:48.909Z] >>> HTTP REQUEST POST https://www.googleapis.com/oauth2/v3/token  
 <request body omitted>
[debug] [2021-07-05T08:13:49.158Z] <<< HTTP RESPONSE 200 {"expires":"Mon, 01 Jan 1990 00:00:00 GMT","cache-control":"no-cache, no-store, max-age=0, must-revalidate","date":"Mon, 05 Jul 2021 08:13:49 GMT","pragma":"no-cache","content-type":"application/json; charset=utf-8","vary":"X-Origin, Referer, Origin,Accept-Encoding","server":"scaffolding on HTTPServer2","x-xss-protection":"0","x-frame-options":"SAMEORIGIN","x-content-type-options":"nosniff","alt-svc":"h3=\":443\"; ma=2592000,h3-29=\":443\"; ma=2592000,h3-T051=\":443\"; ma=2592000,h3-Q050=\":443\"; ma=2592000,h3-Q046=\":443\"; ma=2592000,h3-Q043=\":443\"; ma=2592000,quic=\":443\"; ma=2592000; v=\"46,43\"","accept-ranges":"none","transfer-encoding":"chunked"}
[debug] [2021-07-05T08:13:49.195Z] >>> [apiv2][query] GET https://firebase.googleapis.com/v1beta1/projects/ecommerce-1625a [none]
[debug] [2021-07-05T08:13:49.790Z] <<< [apiv2][status] GET https://firebase.googleapis.com/v1beta1/projects/ecommerce-1625a 200
[debug] [2021-07-05T08:13:49.790Z] <<< [apiv2][body] GET https://firebase.googleapis.com/v1beta1/projects/ecommerce-1625a {"projectId":"ecommerce-1625a","projectNumber":"643320170172","displayName":"Ecommerce","name":"projects/ecommerce-1625a","resources":{"hostingSite":"ecommerce-1625a","storageBucket":"ecommerce-1625a.appspot.com","locationId":"asia-south1"},"state":"ACTIVE"}
[warn] ⚠  functions: package.json indicates an outdated version of firebase-functions.
Please upgrade using npm install --save firebase-functions@latest in your functions directory. 
[info] 
[info] === Deploying to 'ecommerce-1625a'...
[info] 
[info] i  deploying storage, firestore, functions, hosting 
[debug] [2021-07-05T08:13:52.158Z] > refreshing access token with scopes: ["email","https://www.googleapis.com/auth/cloud-platform","https://www.googleapis.com/auth/cloudplatformprojects.readonly","https://www.googleapis.com/auth/firebase","openid"]
[debug] [2021-07-05T08:13:52.158Z] >>> HTTP REQUEST POST https://www.googleapis.com/oauth2/v3/token  
 <request body omitted>
[debug] [2021-07-05T08:13:52.417Z] <<< HTTP RESPONSE 200 {"cache-control":"no-cache, no-store, max-age=0, must-revalidate","pragma":"no-cache","date":"Mon, 05 Jul 2021 08:13:52 GMT","expires":"Mon, 01 Jan 1990 00:00:00 GMT","content-type":"application/json; charset=utf-8","vary":"X-Origin, Referer, Origin,Accept-Encoding","server":"scaffolding on HTTPServer2","x-xss-protection":"0","x-frame-options":"SAMEORIGIN","x-content-type-options":"nosniff","alt-svc":"h3=\":443\"; ma=2592000,h3-29=\":443\"; ma=2592000,h3-T051=\":443\"; ma=2592000,h3-Q050=\":443\"; ma=2592000,h3-Q046=\":443\"; ma=2592000,h3-Q043=\":443\"; ma=2592000,quic=\":443\"; ma=2592000; v=\"46,43\"","accept-ranges":"none","transfer-encoding":"chunked"}
[debug] [2021-07-05T08:13:52.442Z] >>> HTTP REQUEST GET https://appengine.googleapis.com/v1/apps/ecommerce-1625a  
 
[debug] [2021-07-05T08:13:52.866Z] <<< HTTP RESPONSE 200 {"content-type":"application/json; charset=UTF-8","vary":"X-Origin, Referer, Origin,Accept-Encoding","date":"Mon, 05 Jul 2021 08:13:52 GMT","server":"ESF","cache-control":"private","x-xss-protection":"0","x-frame-options":"SAMEORIGIN","x-content-type-options":"nosniff","alt-svc":"h3=\":443\"; ma=2592000,h3-29=\":443\"; ma=2592000,h3-T051=\":443\"; ma=2592000,h3-Q050=\":443\"; ma=2592000,h3-Q046=\":443\"; ma=2592000,h3-Q043=\":443\"; ma=2592000,quic=\":443\"; ma=2592000; v=\"46,43\"","accept-ranges":"none","transfer-encoding":"chunked"}
[info] i  firebase.storage: checking storage.rules for compilation errors... 
[debug] [2021-07-05T08:13:52.869Z] >>> HTTP REQUEST POST https://firebaserules.googleapis.com/v1/projects/ecommerce-1625a:test  
 {"source":{"files":[{"name":"storage.rules","content":"//firebase deploy --only storage\n\nrules_version = '2';\nservice firebase.storage {\n  match /b/{bucket}/o {\n    match /covers/{userId}/{allPaths=**} {\n      allow read, delete: if request.auth.uid == userId;\n      allow create, update: if request.auth.uid == userId \n      \t\t\t&& request.resource.size < 1 * 1024 * 1024\n        \t\t&& request.resource.contentType.matches('image/.*');\n    }\n  }\n}"}]}}
[debug] [2021-07-05T08:13:54.236Z] <<< HTTP RESPONSE 200 {"content-type":"application/json; charset=UTF-8","vary":"X-Origin, Referer, Origin,Accept-Encoding","date":"Mon, 05 Jul 2021 08:13:54 GMT","server":"ESF","cache-control":"private","x-xss-protection":"0","x-frame-options":"SAMEORIGIN","x-content-type-options":"nosniff","alt-svc":"h3=\":443\"; ma=2592000,h3-29=\":443\"; ma=2592000,h3-T051=\":443\"; ma=2592000,h3-Q050=\":443\"; ma=2592000,h3-Q046=\":443\"; ma=2592000,h3-Q043=\":443\"; ma=2592000,quic=\":443\"; ma=2592000; v=\"46,43\"","accept-ranges":"none","transfer-encoding":"chunked"}
[info] ✔  firebase.storage: rules file storage.rules compiled successfully 
[info] i  firestore: reading indexes from firestore.indexes.json... 
[info] i  cloud.firestore: checking firestore.rules for compilation errors... 
[debug] [2021-07-05T08:13:54.242Z] >>> HTTP REQUEST POST https://firebaserules.googleapis.com/v1/projects/ecommerce-1625a:test  
 {"source":{"files":[{"name":"firestore.rules","content":"//firebase deploy --only firestore:rules\n\nrules_version = '2';\nservice cloud.firestore {\n  match /databases/{database}/documents {\n    match /{everythingInThisDatabase=**} {\n        allow read, write: if request.auth.token.admin == true;\n    }\n    match /inventory/{document=**} {\n      allow read: if true;\n    }\n    match /orders/{orderId} {\n     \tallow read, write: if request.auth != null;\n    }\n    match /reports/{document=**} {\n      allow read: if request.auth != null;\n    }\n    match /carts/{userId}/{document=**} {\n      allow read, write: if request.auth.uid == userId;\n    }\n    match /users/{userId} {\n      allow read: if true;\n      allow write: if request.auth.uid == userId;\n    }\n  }\n}"}]}}
[debug] [2021-07-05T08:13:55.590Z] <<< HTTP RESPONSE 200 {"content-type":"application/json; charset=UTF-8","vary":"X-Origin, Referer, Origin,Accept-Encoding","date":"Mon, 05 Jul 2021 08:13:55 GMT","server":"ESF","cache-control":"private","x-xss-protection":"0","x-frame-options":"SAMEORIGIN","x-content-type-options":"nosniff","alt-svc":"h3=\":443\"; ma=2592000,h3-29=\":443\"; ma=2592000,h3-T051=\":443\"; ma=2592000,h3-Q050=\":443\"; ma=2592000,h3-Q046=\":443\"; ma=2592000,h3-Q043=\":443\"; ma=2592000,quic=\":443\"; ma=2592000; v=\"46,43\"","accept-ranges":"none","transfer-encoding":"chunked"}
[info] ✔  cloud.firestore: rules file firestore.rules compiled successfully 
[info] i  functions: ensuring required API cloudfunctions.googleapis.com is enabled... 
[info] i  functions: ensuring required API cloudbuild.googleapis.com is enabled... 
[debug] [2021-07-05T08:13:56.249Z] >>> HTTP REQUEST GET https://serviceusage.googleapis.com/v1/projects/ecommerce-1625a/services/cloudfunctions.googleapis.com  
 
[debug] [2021-07-05T08:13:56.249Z] >>> HTTP REQUEST GET https://serviceusage.googleapis.com/v1/projects/ecommerce-1625a/services/runtimeconfig.googleapis.com  
 
[debug] [2021-07-05T08:13:56.249Z] >>> HTTP REQUEST GET https://serviceusage.googleapis.com/v1/projects/ecommerce-1625a/services/cloudbuild.googleapis.com  
 
[debug] [2021-07-05T08:13:57.728Z] <<< HTTP RESPONSE 200 {"content-type":"application/json; charset=UTF-8","vary":"X-Origin, Referer, Origin,Accept-Encoding","date":"Mon, 05 Jul 2021 08:13:57 GMT","server":"ESF","cache-control":"private","x-xss-protection":"0","x-frame-options":"SAMEORIGIN","x-content-type-options":"nosniff","alt-svc":"h3=\":443\"; ma=2592000,h3-29=\":443\"; ma=2592000,h3-T051=\":443\"; ma=2592000,h3-Q050=\":443\"; ma=2592000,h3-Q046=\":443\"; ma=2592000,h3-Q043=\":443\"; ma=2592000,quic=\":443\"; ma=2592000; v=\"46,43\"","accept-ranges":"none","transfer-encoding":"chunked"}
[debug] [2021-07-05T08:13:57.788Z] <<< HTTP RESPONSE 200 {"content-type":"application/json; charset=UTF-8","vary":"X-Origin, Referer, Origin,Accept-Encoding","date":"Mon, 05 Jul 2021 08:13:57 GMT","server":"ESF","cache-control":"private","x-xss-protection":"0","x-frame-options":"SAMEORIGIN","x-content-type-options":"nosniff","alt-svc":"h3=\":443\"; ma=2592000,h3-29=\":443\"; ma=2592000,h3-T051=\":443\"; ma=2592000,h3-Q050=\":443\"; ma=2592000,h3-Q046=\":443\"; ma=2592000,h3-Q043=\":443\"; ma=2592000,quic=\":443\"; ma=2592000; v=\"46,43\"","accept-ranges":"none","transfer-encoding":"chunked"}
[info] ✔  functions: required API cloudbuild.googleapis.com is enabled 
[debug] [2021-07-05T08:13:57.826Z] <<< HTTP RESPONSE 200 {"content-type":"application/json; charset=UTF-8","vary":"X-Origin, Referer, Origin,Accept-Encoding","date":"Mon, 05 Jul 2021 08:13:57 GMT","server":"ESF","cache-control":"private","x-xss-protection":"0","x-frame-options":"SAMEORIGIN","x-content-type-options":"nosniff","alt-svc":"h3=\":443\"; ma=2592000,h3-29=\":443\"; ma=2592000,h3-T051=\":443\"; ma=2592000,h3-Q050=\":443\"; ma=2592000,h3-Q046=\":443\"; ma=2592000,h3-Q043=\":443\"; ma=2592000,quic=\":443\"; ma=2592000; v=\"46,43\"","accept-ranges":"none","transfer-encoding":"chunked"}
[info] ✔  functions: required API cloudfunctions.googleapis.com is enabled 
[debug] [2021-07-05T08:13:57.827Z] >>> HTTP REQUEST GET https://firebase.googleapis.com/v1beta1/projects/ecommerce-1625a/adminSdkConfig  
 
[debug] [2021-07-05T08:13:58.544Z] <<< HTTP RESPONSE 200 {"content-type":"application/json; charset=UTF-8","vary":"X-Origin, Referer, Origin,Accept-Encoding","date":"Mon, 05 Jul 2021 08:13:58 GMT","server":"ESF","cache-control":"private","x-xss-protection":"0","x-frame-options":"SAMEORIGIN","x-content-type-options":"nosniff","alt-svc":"h3=\":443\"; ma=2592000,h3-29=\":443\"; ma=2592000,h3-T051=\":443\"; ma=2592000,h3-Q050=\":443\"; ma=2592000,h3-Q046=\":443\"; ma=2592000,h3-Q043=\":443\"; ma=2592000,quic=\":443\"; ma=2592000; v=\"46,43\"","accept-ranges":"none","transfer-encoding":"chunked"}
[info] i  functions: preparing functions directory for uploading... 
[debug] [2021-07-05T08:13:58.545Z] >>> HTTP REQUEST GET https://runtimeconfig.googleapis.com/v1beta1/projects/ecommerce-1625a/configs  
 
[debug] [2021-07-05T08:13:59.050Z] <<< HTTP RESPONSE 200 {"content-type":"application/json; charset=UTF-8","vary":"X-Origin, Referer, Origin,Accept-Encoding","date":"Mon, 05 Jul 2021 08:13:58 GMT","server":"ESF","cache-control":"private","x-xss-protection":"0","x-frame-options":"SAMEORIGIN","x-content-type-options":"nosniff","alt-svc":"h3=\":443\"; ma=2592000,h3-29=\":443\"; ma=2592000,h3-T051=\":443\"; ma=2592000,h3-Q050=\":443\"; ma=2592000,h3-Q046=\":443\"; ma=2592000,h3-Q043=\":443\"; ma=2592000,quic=\":443\"; ma=2592000; v=\"46,43\"","accept-ranges":"none","transfer-encoding":"chunked"}
[debug] [2021-07-05T08:13:59.051Z] >>> HTTP REQUEST GET https://runtimeconfig.googleapis.com/v1beta1/projects/ecommerce-1625a/configs/stripe/variables  
 
[debug] [2021-07-05T08:13:59.514Z] <<< HTTP RESPONSE 200 {"content-type":"application/json; charset=UTF-8","vary":"X-Origin, Referer, Origin,Accept-Encoding","date":"Mon, 05 Jul 2021 08:13:59 GMT","server":"ESF","cache-control":"private","x-xss-protection":"0","x-frame-options":"SAMEORIGIN","x-content-type-options":"nosniff","alt-svc":"h3=\":443\"; ma=2592000,h3-29=\":443\"; ma=2592000,h3-T051=\":443\"; ma=2592000,h3-Q050=\":443\"; ma=2592000,h3-Q046=\":443\"; ma=2592000,h3-Q043=\":443\"; ma=2592000,quic=\":443\"; ma=2592000; v=\"46,43\"","accept-ranges":"none","transfer-encoding":"chunked"}
[debug] [2021-07-05T08:13:59.515Z] >>> HTTP REQUEST GET https://runtimeconfig.googleapis.com/v1beta1/projects/ecommerce-1625a/configs/stripe/variables/public  
 
[debug] [2021-07-05T08:13:59.515Z] >>> HTTP REQUEST GET https://runtimeconfig.googleapis.com/v1beta1/projects/ecommerce-1625a/configs/stripe/variables/secret  
 
[debug] [2021-07-05T08:13:59.516Z] >>> HTTP REQUEST GET https://runtimeconfig.googleapis.com/v1beta1/projects/ecommerce-1625a/configs/stripe/variables/token  
 
[debug] [2021-07-05T08:13:59.516Z] >>> HTTP REQUEST GET https://runtimeconfig.googleapis.com/v1beta1/projects/ecommerce-1625a/configs/stripe/variables/payments_webhook_secret  
 
[debug] [2021-07-05T08:13:59.972Z] <<< HTTP RESPONSE 200 {"content-type":"application/json; charset=UTF-8","vary":"X-Origin, Referer, Origin,Accept-Encoding","date":"Mon, 05 Jul 2021 08:13:59 GMT","server":"ESF","cache-control":"private","x-xss-protection":"0","x-frame-options":"SAMEORIGIN","x-content-type-options":"nosniff","alt-svc":"h3=\":443\"; ma=2592000,h3-29=\":443\"; ma=2592000,h3-T051=\":443\"; ma=2592000,h3-Q050=\":443\"; ma=2592000,h3-Q046=\":443\"; ma=2592000,h3-Q043=\":443\"; ma=2592000,quic=\":443\"; ma=2592000; v=\"46,43\"","accept-ranges":"none","transfer-encoding":"chunked"}
[debug] [2021-07-05T08:13:59.976Z] <<< HTTP RESPONSE 200 {"content-type":"application/json; charset=UTF-8","vary":"X-Origin, Referer, Origin,Accept-Encoding","date":"Mon, 05 Jul 2021 08:13:59 GMT","server":"ESF","cache-control":"private","x-xss-protection":"0","x-frame-options":"SAMEORIGIN","x-content-type-options":"nosniff","alt-svc":"h3=\":443\"; ma=2592000,h3-29=\":443\"; ma=2592000,h3-T051=\":443\"; ma=2592000,h3-Q050=\":443\"; ma=2592000,h3-Q046=\":443\"; ma=2592000,h3-Q043=\":443\"; ma=2592000,quic=\":443\"; ma=2592000; v=\"46,43\"","accept-ranges":"none","transfer-encoding":"chunked"}
[debug] [2021-07-05T08:14:00.019Z] <<< HTTP RESPONSE 200 {"content-type":"application/json; charset=UTF-8","vary":"X-Origin, Referer, Origin,Accept-Encoding","date":"Mon, 05 Jul 2021 08:13:59 GMT","server":"ESF","cache-control":"private","x-xss-protection":"0","x-frame-options":"SAMEORIGIN","x-content-type-options":"nosniff","alt-svc":"h3=\":443\"; ma=2592000,h3-29=\":443\"; ma=2592000,h3-T051=\":443\"; ma=2592000,h3-Q050=\":443\"; ma=2592000,h3-Q046=\":443\"; ma=2592000,h3-Q043=\":443\"; ma=2592000,quic=\":443\"; ma=2592000; v=\"46,43\"","accept-ranges":"none","transfer-encoding":"chunked"}
[debug] [2021-07-05T08:14:00.134Z] <<< HTTP RESPONSE 200 {"content-type":"application/json; charset=UTF-8","vary":"X-Origin, Referer, Origin,Accept-Encoding","date":"Mon, 05 Jul 2021 08:14:00 GMT","server":"ESF","cache-control":"private","x-xss-protection":"0","x-frame-options":"SAMEORIGIN","x-content-type-options":"nosniff","alt-svc":"h3=\":443\"; ma=2592000,h3-29=\":443\"; ma=2592000,h3-T051=\":443\"; ma=2592000,h3-Q050=\":443\"; ma=2592000,h3-Q046=\":443\"; ma=2592000,h3-Q043=\":443\"; ma=2592000,quic=\":443\"; ma=2592000; v=\"46,43\"","accept-ranges":"none","transfer-encoding":"chunked"}
[debug] [2021-07-05T08:14:00.135Z] Analyizing backend with strategy parseJSExports
[info] i  functions: packaged functions (35.71 KB) for uploading 
[debug] [2021-07-05T08:14:00.386Z] > [functions] package.json contents: {
  "name": "functions",
  "description": "Cloud Functions for Firebase",
  "scripts": {
    "serve": "firebase emulators:start --only functions",
    "shell": "firebase functions:shell",
    "start": "npm run shell",
    "deploy": "firebase deploy --only functions",
    "logs": "firebase functions:log"
  },
  "engines": {
    "node": "12"
  },
  "main": "index.js",
  "dependencies": {
    "firebase-admin": "^9.2.0",
    "firebase-functions": "^3.11.0",
    "stripe": "^8.154.0"
  },
  "devDependencies": {
    "eslint": "^7.6.0",
    "eslint-config-google": "^0.14.0",
    "firebase-functions-test": "^0.2.0"
  },
  "private": true
}
[debug] [2021-07-05T08:14:00.389Z] >>> HTTP REQUEST GET https://cloudfunctions.googleapis.com/v1/projects/ecommerce-1625a/locations/-/functions  
 
[debug] [2021-07-05T08:14:01.133Z] <<< HTTP RESPONSE 200 {"content-type":"application/json; charset=UTF-8","vary":"X-Origin, Referer, Origin,Accept-Encoding","date":"Mon, 05 Jul 2021 08:14:01 GMT","server":"ESF","cache-control":"private","x-xss-protection":"0","x-frame-options":"SAMEORIGIN","x-content-type-options":"nosniff","alt-svc":"h3=\":443\"; ma=2592000,h3-29=\":443\"; ma=2592000,h3-T051=\":443\"; ma=2592000,h3-Q050=\":443\"; ma=2592000,h3-Q046=\":443\"; ma=2592000,h3-Q043=\":443\"; ma=2592000,quic=\":443\"; ma=2592000; v=\"46,43\"","accept-ranges":"none","transfer-encoding":"chunked"}
[debug] [2021-07-05T08:14:01.139Z] >>> HTTP REQUEST POST https://firebasehosting.googleapis.com/v1beta1/sites/ecommerce-1625a/versions  
 {"config":{"rewrites":[{"glob":"**","path":"/index.html"}]},"labels":{"deployment-tool":"cli-firebase"}}
[debug] [2021-07-05T08:14:02.789Z] <<< HTTP RESPONSE 200 {"content-type":"application/json; charset=UTF-8","vary":"X-Origin, Referer, Origin,Accept-Encoding","date":"Mon, 05 Jul 2021 08:14:02 GMT","server":"ESF","cache-control":"private","x-xss-protection":"0","x-frame-options":"SAMEORIGIN","x-content-type-options":"nosniff","alt-svc":"h3=\":443\"; ma=2592000,h3-29=\":443\"; ma=2592000,h3-T051=\":443\"; ma=2592000,h3-Q050=\":443\"; ma=2592000,h3-Q046=\":443\"; ma=2592000,h3-Q043=\":443\"; ma=2592000,quic=\":443\"; ma=2592000; v=\"46,43\"","accept-ranges":"none","transfer-encoding":"chunked"}
[debug] [2021-07-05T08:14:02.794Z] >>> HTTP REQUEST GET https://firebaserules.googleapis.com/v1/projects/ecommerce-1625a/releases?pageSize=10&pageToken=  
 
[debug] [2021-07-05T08:14:04.153Z] <<< HTTP RESPONSE 200 {"content-type":"application/json; charset=UTF-8","vary":"X-Origin, Referer, Origin,Accept-Encoding","date":"Mon, 05 Jul 2021 08:14:04 GMT","server":"ESF","cache-control":"private","x-xss-protection":"0","x-frame-options":"SAMEORIGIN","x-content-type-options":"nosniff","alt-svc":"h3=\":443\"; ma=2592000,h3-29=\":443\"; ma=2592000,h3-T051=\":443\"; ma=2592000,h3-Q050=\":443\"; ma=2592000,h3-Q046=\":443\"; ma=2592000,h3-Q043=\":443\"; ma=2592000,quic=\":443\"; ma=2592000; v=\"46,43\"","accept-ranges":"none","transfer-encoding":"chunked"}
[debug] [2021-07-05T08:14:04.155Z] >>> HTTP REQUEST GET https://firebaserules.googleapis.com/v1/projects/ecommerce-1625a/rulesets/74ad2e27-d358-4f73-b6b3-f74236e25a95  
 
[debug] [2021-07-05T08:14:05.472Z] <<< HTTP RESPONSE 200 {"content-type":"application/json; charset=UTF-8","vary":"X-Origin, Referer, Origin,Accept-Encoding","date":"Mon, 05 Jul 2021 08:14:05 GMT","server":"ESF","cache-control":"private","x-xss-protection":"0","x-frame-options":"SAMEORIGIN","x-content-type-options":"nosniff","alt-svc":"h3=\":443\"; ma=2592000,h3-29=\":443\"; ma=2592000,h3-T051=\":443\"; ma=2592000,h3-Q050=\":443\"; ma=2592000,h3-Q046=\":443\"; ma=2592000,h3-Q043=\":443\"; ma=2592000,quic=\":443\"; ma=2592000; v=\"46,43\"","accept-ranges":"none","transfer-encoding":"chunked"}
[info] i  storage: uploading rules storage.rules... 
[debug] [2021-07-05T08:14:05.475Z] >>> HTTP REQUEST POST https://firebaserules.googleapis.com/v1/projects/ecommerce-1625a/rulesets  
 {"source":{"files":[{"name":"storage.rules","content":"//firebase deploy --only storage\n\nrules_version = '2';\nservice firebase.storage {\n  match /b/{bucket}/o {\n    match /covers/{userId}/{allPaths=**} {\n      allow read, delete: if request.auth.uid == userId;\n      allow create, update: if request.auth.uid == userId \n      \t\t\t&& request.resource.size < 1 * 1024 * 1024\n        \t\t&& request.resource.contentType.matches('image/.*');\n    }\n  }\n}"}]}}
[debug] [2021-07-05T08:14:06.801Z] <<< HTTP RESPONSE 200 {"content-type":"application/json; charset=UTF-8","vary":"X-Origin, Referer, Origin,Accept-Encoding","date":"Mon, 05 Jul 2021 08:14:06 GMT","server":"ESF","cache-control":"private","x-xss-protection":"0","x-frame-options":"SAMEORIGIN","x-content-type-options":"nosniff","alt-svc":"h3=\":443\"; ma=2592000,h3-29=\":443\"; ma=2592000,h3-T051=\":443\"; ma=2592000,h3-Q050=\":443\"; ma=2592000,h3-Q046=\":443\"; ma=2592000,h3-Q043=\":443\"; ma=2592000,quic=\":443\"; ma=2592000; v=\"46,43\"","accept-ranges":"none","transfer-encoding":"chunked"}
[debug] [2021-07-05T08:14:06.802Z] [rules] created ruleset projects/ecommerce-1625a/rulesets/902e964c-17f2-4683-8cf2-aa7ecea2ec6c
[debug] [2021-07-05T08:14:06.804Z] >>> HTTP REQUEST GET https://firebaserules.googleapis.com/v1/projects/ecommerce-1625a/releases?pageSize=10&pageToken=  
 
[debug] [2021-07-05T08:14:06.805Z] >>> HTTP REQUEST GET https://firestore.googleapis.com/v1/projects/ecommerce-1625a/databases/(default)/collectionGroups/-/indexes  
 
[debug] [2021-07-05T08:14:07.814Z] <<< HTTP RESPONSE 200 {"content-type":"application/json; charset=UTF-8","vary":"X-Origin, Referer, Origin,Accept-Encoding","date":"Mon, 05 Jul 2021 08:14:07 GMT","server":"ESF","cache-control":"private","x-xss-protection":"0","x-frame-options":"SAMEORIGIN","x-content-type-options":"nosniff","alt-svc":"h3=\":443\"; ma=2592000,h3-29=\":443\"; ma=2592000,h3-T051=\":443\"; ma=2592000,h3-Q050=\":443\"; ma=2592000,h3-Q046=\":443\"; ma=2592000,h3-Q043=\":443\"; ma=2592000,quic=\":443\"; ma=2592000; v=\"46,43\"","accept-ranges":"none","transfer-encoding":"chunked"}
[debug] [2021-07-05T08:14:07.815Z] >>> HTTP REQUEST GET https://firestore.googleapis.com/v1/projects/ecommerce-1625a/databases/(default)/collectionGroups/-/fields?filter=indexConfig.usesAncestorConfig=false  
 
[debug] [2021-07-05T08:14:08.114Z] <<< HTTP RESPONSE 200 {"content-type":"application/json; charset=UTF-8","vary":"X-Origin, Referer, Origin,Accept-Encoding","date":"Mon, 05 Jul 2021 08:14:08 GMT","server":"ESF","cache-control":"private","x-xss-protection":"0","x-frame-options":"SAMEORIGIN","x-content-type-options":"nosniff","alt-svc":"h3=\":443\"; ma=2592000,h3-29=\":443\"; ma=2592000,h3-T051=\":443\"; ma=2592000,h3-Q050=\":443\"; ma=2592000,h3-Q046=\":443\"; ma=2592000,h3-Q043=\":443\"; ma=2592000,quic=\":443\"; ma=2592000; v=\"46,43\"","accept-ranges":"none","transfer-encoding":"chunked"}
[debug] [2021-07-05T08:14:08.115Z] >>> HTTP REQUEST GET https://firebaserules.googleapis.com/v1/projects/ecommerce-1625a/rulesets/097545f1-0726-4563-bddc-6c7f0f5129b1  
 
[debug] [2021-07-05T08:14:08.655Z] <<< HTTP RESPONSE 200 {"content-type":"application/json; charset=UTF-8","vary":"X-Origin, Referer, Origin,Accept-Encoding","date":"Mon, 05 Jul 2021 08:14:08 GMT","server":"ESF","cache-control":"private","x-xss-protection":"0","x-frame-options":"SAMEORIGIN","x-content-type-options":"nosniff","alt-svc":"h3=\":443\"; ma=2592000,h3-29=\":443\"; ma=2592000,h3-T051=\":443\"; ma=2592000,h3-Q050=\":443\"; ma=2592000,h3-Q046=\":443\"; ma=2592000,h3-Q043=\":443\"; ma=2592000,quic=\":443\"; ma=2592000; v=\"46,43\"","accept-ranges":"none","transfer-encoding":"chunked"}
[info] ✔  firestore: deployed indexes in firestore.indexes.json successfully 
[debug] [2021-07-05T08:14:09.440Z] <<< HTTP RESPONSE 200 {"content-type":"application/json; charset=UTF-8","vary":"X-Origin, Referer, Origin,Accept-Encoding","date":"Mon, 05 Jul 2021 08:14:09 GMT","server":"ESF","cache-control":"private","x-xss-protection":"0","x-frame-options":"SAMEORIGIN","x-content-type-options":"nosniff","alt-svc":"h3=\":443\"; ma=2592000,h3-29=\":443\"; ma=2592000,h3-T051=\":443\"; ma=2592000,h3-Q050=\":443\"; ma=2592000,h3-Q046=\":443\"; ma=2592000,h3-Q043=\":443\"; ma=2592000,quic=\":443\"; ma=2592000; v=\"46,43\"","accept-ranges":"none","transfer-encoding":"chunked"}
[info] i  firestore: uploading rules firestore.rules... 
[debug] [2021-07-05T08:14:09.442Z] >>> HTTP REQUEST POST https://firebaserules.googleapis.com/v1/projects/ecommerce-1625a/rulesets  
 {"source":{"files":[{"name":"firestore.rules","content":"//firebase deploy --only firestore:rules\n\nrules_version = '2';\nservice cloud.firestore {\n  match /databases/{database}/documents {\n    match /{everythingInThisDatabase=**} {\n        allow read, write: if request.auth.token.admin == true;\n    }\n    match /inventory/{document=**} {\n      allow read: if true;\n    }\n    match /orders/{orderId} {\n     \tallow read, write: if request.auth != null;\n    }\n    match /reports/{document=**} {\n      allow read: if request.auth != null;\n    }\n    match /carts/{userId}/{document=**} {\n      allow read, write: if request.auth.uid == userId;\n    }\n    match /users/{userId} {\n      allow read: if true;\n      allow write: if request.auth.uid == userId;\n    }\n  }\n}"}]}}
[debug] [2021-07-05T08:14:10.839Z] <<< HTTP RESPONSE 200 {"content-type":"application/json; charset=UTF-8","vary":"X-Origin, Referer, Origin,Accept-Encoding","date":"Mon, 05 Jul 2021 08:14:10 GMT","server":"ESF","cache-control":"private","x-xss-protection":"0","x-frame-options":"SAMEORIGIN","x-content-type-options":"nosniff","alt-svc":"h3=\":443\"; ma=2592000,h3-29=\":443\"; ma=2592000,h3-T051=\":443\"; ma=2592000,h3-Q050=\":443\"; ma=2592000,h3-Q046=\":443\"; ma=2592000,h3-Q043=\":443\"; ma=2592000,quic=\":443\"; ma=2592000; v=\"46,43\"","accept-ranges":"none","transfer-encoding":"chunked"}
[debug] [2021-07-05T08:14:10.840Z] [rules] created ruleset projects/ecommerce-1625a/rulesets/ddd5e432-6a44-4f90-b1b9-cb22920ae8d1
[debug] [2021-07-05T08:14:10.842Z] >>> HTTP REQUEST POST https://cloudfunctions.googleapis.com/v1/projects/ecommerce-1625a/locations/us-central1/functions:generateUploadUrl  
 
[debug] [2021-07-05T08:14:11.634Z] <<< HTTP RESPONSE 200 {"content-type":"application/json; charset=UTF-8","vary":"X-Origin, Referer, Origin,Accept-Encoding","date":"Mon, 05 Jul 2021 08:14:11 GMT","server":"ESF","cache-control":"private","x-xss-protection":"0","x-frame-options":"SAMEORIGIN","x-content-type-options":"nosniff","alt-svc":"h3=\":443\"; ma=2592000,h3-29=\":443\"; ma=2592000,h3-T051=\":443\"; ma=2592000,h3-Q050=\":443\"; ma=2592000,h3-Q046=\":443\"; ma=2592000,h3-Q043=\":443\"; ma=2592000,quic=\":443\"; ma=2592000; v=\"46,43\"","accept-ranges":"none","transfer-encoding":"chunked"}
[debug] [2021-07-05T08:14:11.636Z] >>> HTTP REQUEST PUT https://storage.googleapis.com/gcf-upload-us-central1-4db0e23c-e5f9-41a3-8a06-0fe83c5def4b/0cdb2e64-2e70-456a-807c-dce69f86e03f.zip?GoogleAccessId=service-643320170172@gcf-admin-robot.iam.gserviceaccount.com&Expires=1625474651&Signature=m%2F64316Q3gonmL69pp6akQXszhSins%2Bs2AO3mHFZoFBOozQ0j0WXzypXnexyO7lEBRU1pjklhY%2B%2BOvKzd5t7CjV3XyMnj%2BOIJ8eSuYm5BrzZSCRTS0ueuY9A0qq3kcSbN6sM427x1g2fwBynpRd1xrO0uaI68fC8cT7JHbMZdAGEdDGZuqssqE5KKQxTW2tVQ8BpvGmsjgQA98%2FP3IJZIgxbRtgSenirnWpc2lB76T5zAwN4HUb6zw%2BDNe2yQ4NzAws3cdqNTyH%2FI%2BjM8NfeG6OBZWnJAEoEjAbDXBwlz304gWP1D3xAB6OgPKbOqBRAaElH5cFWbY2c6KvYSuVA8A%3D%3D  
 <request body omitted>
[debug] [2021-07-05T08:14:12.295Z] <<< HTTP RESPONSE 200 {"x-guploader-uploadid":"ADPycdvmvobWzgYnvu7uR82Uaq4rI0lvFcwvzwgCzYOl3iFdH97RKope6Ld7mP0Cd4Jqn0qiFmlh0UNDg65cPir5tO0gnVItng","etag":"\"e6b627eea08701de36d0152ae08bbbd9\"","x-goog-generation":"1625472852178470","x-goog-metageneration":"1","x-goog-hash":"crc32c=LSLUFw==, md5=5rYn7qCHAd420BUq4Iu72Q==","x-goog-stored-content-length":"36564","x-goog-stored-content-encoding":"identity","vary":"Origin","content-length":"0","date":"Mon, 05 Jul 2021 08:14:12 GMT","server":"UploadServer","content-type":"text/html; charset=UTF-8","alt-svc":"h3=\":443\"; ma=2592000,h3-29=\":443\"; ma=2592000,h3-T051=\":443\"; ma=2592000,h3-Q050=\":443\"; ma=2592000,h3-Q046=\":443\"; ma=2592000,h3-Q043=\":443\"; ma=2592000,quic=\":443\"; ma=2592000; v=\"46,43\""}
[info] ✔  functions: functions folder uploaded successfully 
[info] i  hosting[ecommerce-1625a]: beginning deploy... 
[info] i  hosting[ecommerce-1625a]: found 36 files in dist 
[debug] [2021-07-05T08:14:13.301Z] > refreshing access token with scopes: []
[debug] [2021-07-05T08:14:13.301Z] >>> HTTP REQUEST POST https://www.googleapis.com/oauth2/v3/token  
 <request body omitted>
[debug] [2021-07-05T08:14:13.303Z] [hosting] hash cache [ZGlzdA] stored for 36 files
[debug] [2021-07-05T08:14:13.304Z] [hosting][hash queue][FINAL] {"max":981,"min":28,"avg":93.91666666666667,"active":0,"complete":36,"success":36,"errored":0,"retried":0,"total":36,"elapsed":992}
[debug] [2021-07-05T08:14:13.802Z] <<< HTTP RESPONSE 200 {"expires":"Mon, 01 Jan 1990 00:00:00 GMT","pragma":"no-cache","date":"Mon, 05 Jul 2021 08:14:13 GMT","cache-control":"no-cache, no-store, max-age=0, must-revalidate","content-type":"application/json; charset=utf-8","vary":"X-Origin, Referer, Origin,Accept-Encoding","server":"scaffolding on HTTPServer2","x-xss-protection":"0","x-frame-options":"SAMEORIGIN","x-content-type-options":"nosniff","alt-svc":"h3=\":443\"; ma=2592000,h3-29=\":443\"; ma=2592000,h3-T051=\":443\"; ma=2592000,h3-Q050=\":443\"; ma=2592000,h3-Q046=\":443\"; ma=2592000,h3-Q043=\":443\"; ma=2592000,quic=\":443\"; ma=2592000; v=\"46,43\"","accept-ranges":"none","transfer-encoding":"chunked"}
[debug] [2021-07-05T08:14:13.837Z] >>> [apiv2][query] POST https://firebasehosting.googleapis.com/v1beta1/sites/ecommerce-1625a/versions/e43ecb99ccbf42b7:populateFiles [none]
[debug] [2021-07-05T08:14:13.837Z] >>> [apiv2][body] POST https://firebasehosting.googleapis.com/v1beta1/sites/ecommerce-1625a/versions/e43ecb99ccbf42b7:populateFiles {"files":{"/index.html":"2f64bfe2ae9af88c2e26c078e3a541d94358511012f4f006bdb425af930a7a21","/css/chunk-vendors.f3c800b6.css":"49d4e156651c30edb8bdff27d1b5393e24bd3b34c70303fbb444d7c2c98378a6","/css/app.859cb774.css":"1629373786860c69135fc366f63ed4445fb2edd5424f29d88c3f43ba0914d363","/favicon.ico":"1e71457865f706dc865b49a54a86e193818220d290b30226b6630a42faf1535d","/img/delivery.edc8ced4.svg":"58c7b61973c1f321c93687903d3cb37c84123535fb55728b96ec4d2e5fff4bca","/img/empty.4c45ad82.png":"7f1066dc7e4a33c7cbe620114dcd7b9dcfc85f15982d9e743cb1dc10a322b7d4","/img/fb.4769f0e4.png":"bca527b2f94082a0ea837fd486672bff130f235059852714aa827f3a37bf732d","/img/logo.300f6399.png":"3ce1259916a0c462a1543b2cdbd72fe8f8ec014dee6e4c9c8d7650a6f3fadb29","/img/phone.8f11c7e3.png":"ed608028e0983c27c47b90ce877e61b0b9cd10b3d168537e3bd16953226723a8","/img/removeIcon.4ce3b5f4.png":"b2a57ba865243d9fab5c3d2faa100963a1fd3511b46f4529aef231955c3d8f74","/img/pack.0d3beba3.svg":"91949c4edf926de10a7efb052fba8763d8f134f7f18fc70afe9afbeac5e35522","/img/visa128.34ccfd5e.png":"22bffd37adeb60d1c0b48701974a8caa9e8bb05d577d6cb514dc433501edfefa","/img/tiktok.27c90e03.png":"0465f78e813cfe10d2c64034c2cdeec3379b8285c50f5fe63f8cbdde7e61c934","/img/ggicon.a30e50b7.png":"bb6f30abe952840a954a90fc3ed0767a6835bcfe65d3e7946f1e4223eeb01330","/img/fbicon.7ae88d2a.png":"bb1d984eebfda67010a5f2e7894da176ee260913d4766e429607fb315a411e87","/img/twitter.d7e38b3f.png":"940463874751cef73a869644d72963933a4ea10454395970758cf002e93765d5","/img/add-package.ddbc5cfb.png":"bbbfd821cccbde31b70928ec65e5c9eea34454217c6cd9a06bda5174cdc3c78b","/images/businessCard.png":"0d5ff3e28f28a156a9b9a6120e2fd153f56ae62d46bd39165f4de90474a951af","/img/ms.b461d82b.png":"e0890c75c404ce2a4f862691b078f3a85342098d79358ca7b6eb3a255d7f8da4","/img/Banner7.2579e2da.jpg":"e784c47b4f98fc5ee7c34121da52076401b298f4657945a4eb77f7e6aa55975b","/img/Banner1.c59b348e.jpg":"dbd493e7bd9119328ce5a80868916f335eaf07970da3ed4f660d8eb5e6487c82","/img/Banner4.3ccaa34a.jpg":"d32f68a538daf0d391709d7e7d99eb46055d95bf2eea8056a9f95d78ae66492a","/img/Banner9.afa2791e.jpg":"ee9782319bee8cbc24b6047e1c3b3efd6abe5a262dd4b0870d1433d5c17c74e8","/img/Banner6.b5253a66.jpg":"7ae715e35369de7a8f84d38162e5ac2e434a56180f122869531117dbae30889f","/img/Banner8.9619914d.jpg":"adfe81ab2e22eb3fc0100c6553407ba2658aa9e3f129f30f6767bca1ead21f0b","/img/Banner5.c85f7506.jpg":"3c0437bb22bfca36d248e7e09ed8a469e69636453f9294d0708c7274a340ef8a","/img/Banner.7e255599.jpg":"344937013d8d9d90c8711ae53ddebc9f68d6d9a8518d2de8a4c77e5fc550b00b","/img/Banner3.177a05e5.jpg":"d96d99bbbd1ce0ce3b7c83d69ced199e14fa1d9716d7027539fd3a7c0b2bb54f","/img/Banner2.9ecb82f0.jpg":"8a61c41ce45dc86749ef57c643660445a39f95673fd8c2b924cb5fa338a342c2","/js/app.4a260c15.js":"46625fdc4cd66143a7074270acd28d7accf8580881f416d90c62d181a94f125b","/img/404.dceef8f8.jpg":"17747df8408cde7de491d5ead4f1b96723f037c890c66146255c8dc95f3c27d7","/js/app.4a260c15.js.map":"00c6a384dcf35d3e6c39874af6627b205104dc11a50d9823212772877d4b4784","/js/chunk-vendors.460625cf.js":"f658210f8db21aedee2c8d0ba2b93fc64228b9d75afe769faa2c94c9cbb57961","/img/succeed.52be039f.jpg":"aeaa3faabecf8be7fa75e9332de5e5769762a4d4df8f3c4dd72cf9fd5830ba5b","/images/loginBackground.png":"5c1750bdef49bba62c976084bc7a6b8ffc8fb8eeb1b5c648edc5e6f14c624854","/js/chunk-vendors.460625cf.js.map":"7254671906d9fa774e9b9040ca56daa266f9cbec1df4c01b3f2baa432699040d"}}
[debug] [2021-07-05T08:14:15.300Z] <<< [apiv2][status] POST https://firebasehosting.googleapis.com/v1beta1/sites/ecommerce-1625a/versions/e43ecb99ccbf42b7:populateFiles 200
[debug] [2021-07-05T08:14:15.300Z] <<< [apiv2][body] POST https://firebasehosting.googleapis.com/v1beta1/sites/ecommerce-1625a/versions/e43ecb99ccbf42b7:populateFiles {"uploadRequiredHashes":["bb6f30abe952840a954a90fc3ed0767a6835bcfe65d3e7946f1e4223eeb01330","8a61c41ce45dc86749ef57c643660445a39f95673fd8c2b924cb5fa338a342c2","00c6a384dcf35d3e6c39874af6627b205104dc11a50d9823212772877d4b4784","7ae715e35369de7a8f84d38162e5ac2e434a56180f122869531117dbae30889f","3ce1259916a0c462a1543b2cdbd72fe8f8ec014dee6e4c9c8d7650a6f3fadb29","344937013d8d9d90c8711ae53ddebc9f68d6d9a8518d2de8a4c77e5fc550b00b","46625fdc4cd66143a7074270acd28d7accf8580881f416d90c62d181a94f125b","1629373786860c69135fc366f63ed4445fb2edd5424f29d88c3f43ba0914d363","17747df8408cde7de491d5ead4f1b96723f037c890c66146255c8dc95f3c27d7","22bffd37adeb60d1c0b48701974a8caa9e8bb05d577d6cb514dc433501edfefa","ee9782319bee8cbc24b6047e1c3b3efd6abe5a262dd4b0870d1433d5c17c74e8","aeaa3faabecf8be7fa75e9332de5e5769762a4d4df8f3c4dd72cf9fd5830ba5b","7254671906d9fa774e9b9040ca56daa266f9cbec1df4c01b3f2baa432699040d","2f64bfe2ae9af88c2e26c078e3a541d94358511012f4f006bdb425af930a7a21","3c0437bb22bfca36d248e7e09ed8a469e69636453f9294d0708c7274a340ef8a","d96d99bbbd1ce0ce3b7c83d69ced199e14fa1d9716d7027539fd3a7c0b2bb54f","58c7b61973c1f321c93687903d3cb37c84123535fb55728b96ec4d2e5fff4bca","bb1d984eebfda67010a5f2e7894da176ee260913d4766e429607fb315a411e87","f658210f8db21aedee2c8d0ba2b93fc64228b9d75afe769faa2c94c9cbb57961","adfe81ab2e22eb3fc0100c6553407ba2658aa9e3f129f30f6767bca1ead21f0b","b2a57ba865243d9fab5c3d2faa100963a1fd3511b46f4529aef231955c3d8f74","7f1066dc7e4a33c7cbe620114dcd7b9dcfc85f15982d9e743cb1dc10a322b7d4","dbd493e7bd9119328ce5a80868916f335eaf07970da3ed4f660d8eb5e6487c82","e784c47b4f98fc5ee7c34121da52076401b298f4657945a4eb77f7e6aa55975b","91949c4edf926de10a7efb052fba8763d8f134f7f18fc70afe9afbeac5e35522","bbbfd821cccbde31b70928ec65e5c9eea34454217c6cd9a06bda5174cdc3c78b","d32f68a538daf0d391709d7e7d99eb46055d95bf2eea8056a9f95d78ae66492a"],"uploadUrl":"https://upload-firebasehosting.googleapis.com/upload/sites/ecommerce-1625a/versions/e43ecb99ccbf42b7/files"}
[debug] [2021-07-05T08:14:15.311Z] >>> [apiv2][query] POST https://upload-firebasehosting.googleapis.com/upload/sites/ecommerce-1625a/versions/e43ecb99ccbf42b7/files/bb6f30abe952840a954a90fc3ed0767a6835bcfe65d3e7946f1e4223eeb01330 [none]
[debug] [2021-07-05T08:14:15.311Z] >>> [apiv2][body] POST https://upload-firebasehosting.googleapis.com/upload/sites/ecommerce-1625a/versions/e43ecb99ccbf42b7/files/bb6f30abe952840a954a90fc3ed0767a6835bcfe65d3e7946f1e4223eeb01330 [stream]
[debug] [2021-07-05T08:14:15.312Z] >>> [apiv2][query] POST https://upload-firebasehosting.googleapis.com/upload/sites/ecommerce-1625a/versions/e43ecb99ccbf42b7/files/8a61c41ce45dc86749ef57c643660445a39f95673fd8c2b924cb5fa338a342c2 [none]
[debug] [2021-07-05T08:14:15.312Z] >>> [apiv2][body] POST https://upload-firebasehosting.googleapis.com/upload/sites/ecommerce-1625a/versions/e43ecb99ccbf42b7/files/8a61c41ce45dc86749ef57c643660445a39f95673fd8c2b924cb5fa338a342c2 [stream]
[debug] [2021-07-05T08:14:15.313Z] >>> [apiv2][query] POST https://upload-firebasehosting.googleapis.com/upload/sites/ecommerce-1625a/versions/e43ecb99ccbf42b7/files/00c6a384dcf35d3e6c39874af6627b205104dc11a50d9823212772877d4b4784 [none]
[debug] [2021-07-05T08:14:15.313Z] >>> [apiv2][body] POST https://upload-firebasehosting.googleapis.com/upload/sites/ecommerce-1625a/versions/e43ecb99ccbf42b7/files/00c6a384dcf35d3e6c39874af6627b205104dc11a50d9823212772877d4b4784 [stream]
[debug] [2021-07-05T08:14:15.314Z] >>> [apiv2][query] POST https://upload-firebasehosting.googleapis.com/upload/sites/ecommerce-1625a/versions/e43ecb99ccbf42b7/files/7ae715e35369de7a8f84d38162e5ac2e434a56180f122869531117dbae30889f [none]
[debug] [2021-07-05T08:14:15.314Z] >>> [apiv2][body] POST https://upload-firebasehosting.googleapis.com/upload/sites/ecommerce-1625a/versions/e43ecb99ccbf42b7/files/7ae715e35369de7a8f84d38162e5ac2e434a56180f122869531117dbae30889f [stream]
[debug] [2021-07-05T08:14:15.315Z] >>> [apiv2][query] POST https://upload-firebasehosting.googleapis.com/upload/sites/ecommerce-1625a/versions/e43ecb99ccbf42b7/files/3ce1259916a0c462a1543b2cdbd72fe8f8ec014dee6e4c9c8d7650a6f3fadb29 [none]
[debug] [2021-07-05T08:14:15.315Z] >>> [apiv2][body] POST https://upload-firebasehosting.googleapis.com/upload/sites/ecommerce-1625a/versions/e43ecb99ccbf42b7/files/3ce1259916a0c462a1543b2cdbd72fe8f8ec014dee6e4c9c8d7650a6f3fadb29 [stream]
[debug] [2021-07-05T08:14:15.315Z] >>> [apiv2][query] POST https://upload-firebasehosting.googleapis.com/upload/sites/ecommerce-1625a/versions/e43ecb99ccbf42b7/files/344937013d8d9d90c8711ae53ddebc9f68d6d9a8518d2de8a4c77e5fc550b00b [none]
[debug] [2021-07-05T08:14:15.315Z] >>> [apiv2][body] POST https://upload-firebasehosting.googleapis.com/upload/sites/ecommerce-1625a/versions/e43ecb99ccbf42b7/files/344937013d8d9d90c8711ae53ddebc9f68d6d9a8518d2de8a4c77e5fc550b00b [stream]
[debug] [2021-07-05T08:14:15.316Z] >>> [apiv2][query] POST https://upload-firebasehosting.googleapis.com/upload/sites/ecommerce-1625a/versions/e43ecb99ccbf42b7/files/46625fdc4cd66143a7074270acd28d7accf8580881f416d90c62d181a94f125b [none]
[debug] [2021-07-05T08:14:15.316Z] >>> [apiv2][body] POST https://upload-firebasehosting.googleapis.com/upload/sites/ecommerce-1625a/versions/e43ecb99ccbf42b7/files/46625fdc4cd66143a7074270acd28d7accf8580881f416d90c62d181a94f125b [stream]
[debug] [2021-07-05T08:14:15.316Z] >>> [apiv2][query] POST https://upload-firebasehosting.googleapis.com/upload/sites/ecommerce-1625a/versions/e43ecb99ccbf42b7/files/1629373786860c69135fc366f63ed4445fb2edd5424f29d88c3f43ba0914d363 [none]
[debug] [2021-07-05T08:14:15.317Z] >>> [apiv2][body] POST https://upload-firebasehosting.googleapis.com/upload/sites/ecommerce-1625a/versions/e43ecb99ccbf42b7/files/1629373786860c69135fc366f63ed4445fb2edd5424f29d88c3f43ba0914d363 [stream]
[debug] [2021-07-05T08:14:15.317Z] >>> [apiv2][query] POST https://upload-firebasehosting.googleapis.com/upload/sites/ecommerce-1625a/versions/e43ecb99ccbf42b7/files/17747df8408cde7de491d5ead4f1b96723f037c890c66146255c8dc95f3c27d7 [none]
[debug] [2021-07-05T08:14:15.317Z] >>> [apiv2][body] POST https://upload-firebasehosting.googleapis.com/upload/sites/ecommerce-1625a/versions/e43ecb99ccbf42b7/files/17747df8408cde7de491d5ead4f1b96723f037c890c66146255c8dc95f3c27d7 [stream]
[debug] [2021-07-05T08:14:15.318Z] >>> [apiv2][query] POST https://upload-firebasehosting.googleapis.com/upload/sites/ecommerce-1625a/versions/e43ecb99ccbf42b7/files/22bffd37adeb60d1c0b48701974a8caa9e8bb05d577d6cb514dc433501edfefa [none]
[debug] [2021-07-05T08:14:15.318Z] >>> [apiv2][body] POST https://upload-firebasehosting.googleapis.com/upload/sites/ecommerce-1625a/versions/e43ecb99ccbf42b7/files/22bffd37adeb60d1c0b48701974a8caa9e8bb05d577d6cb514dc433501edfefa [stream]
[debug] [2021-07-05T08:14:15.318Z] >>> [apiv2][query] POST https://upload-firebasehosting.googleapis.com/upload/sites/ecommerce-1625a/versions/e43ecb99ccbf42b7/files/ee9782319bee8cbc24b6047e1c3b3efd6abe5a262dd4b0870d1433d5c17c74e8 [none]
[debug] [2021-07-05T08:14:15.318Z] >>> [apiv2][body] POST https://upload-firebasehosting.googleapis.com/upload/sites/ecommerce-1625a/versions/e43ecb99ccbf42b7/files/ee9782319bee8cbc24b6047e1c3b3efd6abe5a262dd4b0870d1433d5c17c74e8 [stream]
[debug] [2021-07-05T08:14:15.319Z] >>> [apiv2][query] POST https://upload-firebasehosting.googleapis.com/upload/sites/ecommerce-1625a/versions/e43ecb99ccbf42b7/files/aeaa3faabecf8be7fa75e9332de5e5769762a4d4df8f3c4dd72cf9fd5830ba5b [none]
[debug] [2021-07-05T08:14:15.319Z] >>> [apiv2][body] POST https://upload-firebasehosting.googleapis.com/upload/sites/ecommerce-1625a/versions/e43ecb99ccbf42b7/files/aeaa3faabecf8be7fa75e9332de5e5769762a4d4df8f3c4dd72cf9fd5830ba5b [stream]
[debug] [2021-07-05T08:14:15.319Z] >>> [apiv2][query] POST https://upload-firebasehosting.googleapis.com/upload/sites/ecommerce-1625a/versions/e43ecb99ccbf42b7/files/7254671906d9fa774e9b9040ca56daa266f9cbec1df4c01b3f2baa432699040d [none]
[debug] [2021-07-05T08:14:15.319Z] >>> [apiv2][body] POST https://upload-firebasehosting.googleapis.com/upload/sites/ecommerce-1625a/versions/e43ecb99ccbf42b7/files/7254671906d9fa774e9b9040ca56daa266f9cbec1df4c01b3f2baa432699040d [stream]
[debug] [2021-07-05T08:14:15.320Z] >>> [apiv2][query] POST https://upload-firebasehosting.googleapis.com/upload/sites/ecommerce-1625a/versions/e43ecb99ccbf42b7/files/2f64bfe2ae9af88c2e26c078e3a541d94358511012f4f006bdb425af930a7a21 [none]
[debug] [2021-07-05T08:14:15.320Z] >>> [apiv2][body] POST https://upload-firebasehosting.googleapis.com/upload/sites/ecommerce-1625a/versions/e43ecb99ccbf42b7/files/2f64bfe2ae9af88c2e26c078e3a541d94358511012f4f006bdb425af930a7a21 [stream]
[debug] [2021-07-05T08:14:15.322Z] >>> [apiv2][query] POST https://upload-firebasehosting.googleapis.com/upload/sites/ecommerce-1625a/versions/e43ecb99ccbf42b7/files/3c0437bb22bfca36d248e7e09ed8a469e69636453f9294d0708c7274a340ef8a [none]
[debug] [2021-07-05T08:14:15.322Z] >>> [apiv2][body] POST https://upload-firebasehosting.googleapis.com/upload/sites/ecommerce-1625a/versions/e43ecb99ccbf42b7/files/3c0437bb22bfca36d248e7e09ed8a469e69636453f9294d0708c7274a340ef8a [stream]
[debug] [2021-07-05T08:14:15.323Z] >>> [apiv2][query] POST https://upload-firebasehosting.googleapis.com/upload/sites/ecommerce-1625a/versions/e43ecb99ccbf42b7/files/d96d99bbbd1ce0ce3b7c83d69ced199e14fa1d9716d7027539fd3a7c0b2bb54f [none]
[debug] [2021-07-05T08:14:15.323Z] >>> [apiv2][body] POST https://upload-firebasehosting.googleapis.com/upload/sites/ecommerce-1625a/versions/e43ecb99ccbf42b7/files/d96d99bbbd1ce0ce3b7c83d69ced199e14fa1d9716d7027539fd3a7c0b2bb54f [stream]
[debug] [2021-07-05T08:14:15.323Z] >>> [apiv2][query] POST https://upload-firebasehosting.googleapis.com/upload/sites/ecommerce-1625a/versions/e43ecb99ccbf42b7/files/58c7b61973c1f321c93687903d3cb37c84123535fb55728b96ec4d2e5fff4bca [none]
[debug] [2021-07-05T08:14:15.323Z] >>> [apiv2][body] POST https://upload-firebasehosting.googleapis.com/upload/sites/ecommerce-1625a/versions/e43ecb99ccbf42b7/files/58c7b61973c1f321c93687903d3cb37c84123535fb55728b96ec4d2e5fff4bca [stream]
[debug] [2021-07-05T08:14:15.324Z] >>> [apiv2][query] POST https://upload-firebasehosting.googleapis.com/upload/sites/ecommerce-1625a/versions/e43ecb99ccbf42b7/files/bb1d984eebfda67010a5f2e7894da176ee260913d4766e429607fb315a411e87 [none]
[debug] [2021-07-05T08:14:15.324Z] >>> [apiv2][body] POST https://upload-firebasehosting.googleapis.com/upload/sites/ecommerce-1625a/versions/e43ecb99ccbf42b7/files/bb1d984eebfda67010a5f2e7894da176ee260913d4766e429607fb315a411e87 [stream]
[debug] [2021-07-05T08:14:15.324Z] >>> [apiv2][query] POST https://upload-firebasehosting.googleapis.com/upload/sites/ecommerce-1625a/versions/e43ecb99ccbf42b7/files/f658210f8db21aedee2c8d0ba2b93fc64228b9d75afe769faa2c94c9cbb57961 [none]
[debug] [2021-07-05T08:14:15.324Z] >>> [apiv2][body] POST https://upload-firebasehosting.googleapis.com/upload/sites/ecommerce-1625a/versions/e43ecb99ccbf42b7/files/f658210f8db21aedee2c8d0ba2b93fc64228b9d75afe769faa2c94c9cbb57961 [stream]
[debug] [2021-07-05T08:14:15.325Z] >>> [apiv2][query] POST https://upload-firebasehosting.googleapis.com/upload/sites/ecommerce-1625a/versions/e43ecb99ccbf42b7/files/adfe81ab2e22eb3fc0100c6553407ba2658aa9e3f129f30f6767bca1ead21f0b [none]
[debug] [2021-07-05T08:14:15.325Z] >>> [apiv2][body] POST https://upload-firebasehosting.googleapis.com/upload/sites/ecommerce-1625a/versions/e43ecb99ccbf42b7/files/adfe81ab2e22eb3fc0100c6553407ba2658aa9e3f129f30f6767bca1ead21f0b [stream]
[debug] [2021-07-05T08:14:15.325Z] >>> [apiv2][query] POST https://upload-firebasehosting.googleapis.com/upload/sites/ecommerce-1625a/versions/e43ecb99ccbf42b7/files/b2a57ba865243d9fab5c3d2faa100963a1fd3511b46f4529aef231955c3d8f74 [none]
[debug] [2021-07-05T08:14:15.326Z] >>> [apiv2][body] POST https://upload-firebasehosting.googleapis.com/upload/sites/ecommerce-1625a/versions/e43ecb99ccbf42b7/files/b2a57ba865243d9fab5c3d2faa100963a1fd3511b46f4529aef231955c3d8f74 [stream]
[debug] [2021-07-05T08:14:15.327Z] >>> [apiv2][query] POST https://upload-firebasehosting.googleapis.com/upload/sites/ecommerce-1625a/versions/e43ecb99ccbf42b7/files/7f1066dc7e4a33c7cbe620114dcd7b9dcfc85f15982d9e743cb1dc10a322b7d4 [none]
[debug] [2021-07-05T08:14:15.327Z] >>> [apiv2][body] POST https://upload-firebasehosting.googleapis.com/upload/sites/ecommerce-1625a/versions/e43ecb99ccbf42b7/files/7f1066dc7e4a33c7cbe620114dcd7b9dcfc85f15982d9e743cb1dc10a322b7d4 [stream]
[debug] [2021-07-05T08:14:15.327Z] >>> [apiv2][query] POST https://upload-firebasehosting.googleapis.com/upload/sites/ecommerce-1625a/versions/e43ecb99ccbf42b7/files/dbd493e7bd9119328ce5a80868916f335eaf07970da3ed4f660d8eb5e6487c82 [none]
[debug] [2021-07-05T08:14:15.328Z] >>> [apiv2][body] POST https://upload-firebasehosting.googleapis.com/upload/sites/ecommerce-1625a/versions/e43ecb99ccbf42b7/files/dbd493e7bd9119328ce5a80868916f335eaf07970da3ed4f660d8eb5e6487c82 [stream]
[debug] [2021-07-05T08:14:15.328Z] >>> [apiv2][query] POST https://upload-firebasehosting.googleapis.com/upload/sites/ecommerce-1625a/versions/e43ecb99ccbf42b7/files/e784c47b4f98fc5ee7c34121da52076401b298f4657945a4eb77f7e6aa55975b [none]
[debug] [2021-07-05T08:14:15.328Z] >>> [apiv2][body] POST https://upload-firebasehosting.googleapis.com/upload/sites/ecommerce-1625a/versions/e43ecb99ccbf42b7/files/e784c47b4f98fc5ee7c34121da52076401b298f4657945a4eb77f7e6aa55975b [stream]
[debug] [2021-07-05T08:14:15.329Z] >>> [apiv2][query] POST https://upload-firebasehosting.googleapis.com/upload/sites/ecommerce-1625a/versions/e43ecb99ccbf42b7/files/91949c4edf926de10a7efb052fba8763d8f134f7f18fc70afe9afbeac5e35522 [none]
[debug] [2021-07-05T08:14:15.329Z] >>> [apiv2][body] POST https://upload-firebasehosting.googleapis.com/upload/sites/ecommerce-1625a/versions/e43ecb99ccbf42b7/files/91949c4edf926de10a7efb052fba8763d8f134f7f18fc70afe9afbeac5e35522 [stream]
[debug] [2021-07-05T08:14:15.329Z] >>> [apiv2][query] POST https://upload-firebasehosting.googleapis.com/upload/sites/ecommerce-1625a/versions/e43ecb99ccbf42b7/files/bbbfd821cccbde31b70928ec65e5c9eea34454217c6cd9a06bda5174cdc3c78b [none]
[debug] [2021-07-05T08:14:15.329Z] >>> [apiv2][body] POST https://upload-firebasehosting.googleapis.com/upload/sites/ecommerce-1625a/versions/e43ecb99ccbf42b7/files/bbbfd821cccbde31b70928ec65e5c9eea34454217c6cd9a06bda5174cdc3c78b [stream]
[debug] [2021-07-05T08:14:15.330Z] >>> [apiv2][query] POST https://upload-firebasehosting.googleapis.com/upload/sites/ecommerce-1625a/versions/e43ecb99ccbf42b7/files/d32f68a538daf0d391709d7e7d99eb46055d95bf2eea8056a9f95d78ae66492a [none]
[debug] [2021-07-05T08:14:15.330Z] >>> [apiv2][body] POST https://upload-firebasehosting.googleapis.com/upload/sites/ecommerce-1625a/versions/e43ecb99ccbf42b7/files/d32f68a538daf0d391709d7e7d99eb46055d95bf2eea8056a9f95d78ae66492a [stream]
[debug] [2021-07-05T08:14:15.330Z] [hosting][populate queue][FINAL] {"max":2010,"min":2010,"avg":2010,"active":0,"complete":1,"success":1,"errored":0,"retried":0,"total":1,"elapsed":2029}
[debug] [2021-07-05T08:14:15.330Z] [hosting] uploads queued: 27
[debug] [2021-07-05T08:14:17.379Z] <<< [apiv2][status] POST https://upload-firebasehosting.googleapis.com/upload/sites/ecommerce-1625a/versions/e43ecb99ccbf42b7/files/22bffd37adeb60d1c0b48701974a8caa9e8bb05d577d6cb514dc433501edfefa 200
[debug] [2021-07-05T08:14:17.380Z] <<< [apiv2][body] POST https://upload-firebasehosting.googleapis.com/upload/sites/ecommerce-1625a/versions/e43ecb99ccbf42b7/files/22bffd37adeb60d1c0b48701974a8caa9e8bb05d577d6cb514dc433501edfefa [stream]
[debug] [2021-07-05T08:14:17.444Z] <<< [apiv2][status] POST https://upload-firebasehosting.googleapis.com/upload/sites/ecommerce-1625a/versions/e43ecb99ccbf42b7/files/91949c4edf926de10a7efb052fba8763d8f134f7f18fc70afe9afbeac5e35522 200
[debug] [2021-07-05T08:14:17.444Z] <<< [apiv2][body] POST https://upload-firebasehosting.googleapis.com/upload/sites/ecommerce-1625a/versions/e43ecb99ccbf42b7/files/91949c4edf926de10a7efb052fba8763d8f134f7f18fc70afe9afbeac5e35522 [stream]
[debug] [2021-07-05T08:14:17.446Z] <<< [apiv2][status] POST https://upload-firebasehosting.googleapis.com/upload/sites/ecommerce-1625a/versions/e43ecb99ccbf42b7/files/3ce1259916a0c462a1543b2cdbd72fe8f8ec014dee6e4c9c8d7650a6f3fadb29 200
[debug] [2021-07-05T08:14:17.446Z] <<< [apiv2][body] POST https://upload-firebasehosting.googleapis.com/upload/sites/ecommerce-1625a/versions/e43ecb99ccbf42b7/files/3ce1259916a0c462a1543b2cdbd72fe8f8ec014dee6e4c9c8d7650a6f3fadb29 [stream]
[debug] [2021-07-05T08:14:17.466Z] <<< [apiv2][status] POST https://upload-firebasehosting.googleapis.com/upload/sites/ecommerce-1625a/versions/e43ecb99ccbf42b7/files/1629373786860c69135fc366f63ed4445fb2edd5424f29d88c3f43ba0914d363 200
[debug] [2021-07-05T08:14:17.467Z] <<< [apiv2][body] POST https://upload-firebasehosting.googleapis.com/upload/sites/ecommerce-1625a/versions/e43ecb99ccbf42b7/files/1629373786860c69135fc366f63ed4445fb2edd5424f29d88c3f43ba0914d363 [stream]
[debug] [2021-07-05T08:14:17.481Z] <<< [apiv2][status] POST https://upload-firebasehosting.googleapis.com/upload/sites/ecommerce-1625a/versions/e43ecb99ccbf42b7/files/7f1066dc7e4a33c7cbe620114dcd7b9dcfc85f15982d9e743cb1dc10a322b7d4 200
[debug] [2021-07-05T08:14:17.481Z] <<< [apiv2][body] POST https://upload-firebasehosting.googleapis.com/upload/sites/ecommerce-1625a/versions/e43ecb99ccbf42b7/files/7f1066dc7e4a33c7cbe620114dcd7b9dcfc85f15982d9e743cb1dc10a322b7d4 [stream]
[debug] [2021-07-05T08:14:17.517Z] <<< [apiv2][status] POST https://upload-firebasehosting.googleapis.com/upload/sites/ecommerce-1625a/versions/e43ecb99ccbf42b7/files/58c7b61973c1f321c93687903d3cb37c84123535fb55728b96ec4d2e5fff4bca 200
[debug] [2021-07-05T08:14:17.517Z] <<< [apiv2][body] POST https://upload-firebasehosting.googleapis.com/upload/sites/ecommerce-1625a/versions/e43ecb99ccbf42b7/files/58c7b61973c1f321c93687903d3cb37c84123535fb55728b96ec4d2e5fff4bca [stream]
[debug] [2021-07-05T08:14:17.551Z] <<< [apiv2][status] POST https://upload-firebasehosting.googleapis.com/upload/sites/ecommerce-1625a/versions/e43ecb99ccbf42b7/files/2f64bfe2ae9af88c2e26c078e3a541d94358511012f4f006bdb425af930a7a21 200
[debug] [2021-07-05T08:14:17.551Z] <<< [apiv2][body] POST https://upload-firebasehosting.googleapis.com/upload/sites/ecommerce-1625a/versions/e43ecb99ccbf42b7/files/2f64bfe2ae9af88c2e26c078e3a541d94358511012f4f006bdb425af930a7a21 [stream]
[debug] [2021-07-05T08:14:17.572Z] <<< [apiv2][status] POST https://upload-firebasehosting.googleapis.com/upload/sites/ecommerce-1625a/versions/e43ecb99ccbf42b7/files/3c0437bb22bfca36d248e7e09ed8a469e69636453f9294d0708c7274a340ef8a 200
[debug] [2021-07-05T08:14:17.572Z] <<< [apiv2][body] POST https://upload-firebasehosting.googleapis.com/upload/sites/ecommerce-1625a/versions/e43ecb99ccbf42b7/files/3c0437bb22bfca36d248e7e09ed8a469e69636453f9294d0708c7274a340ef8a [stream]
[debug] [2021-07-05T08:14:17.606Z] <<< [apiv2][status] POST https://upload-firebasehosting.googleapis.com/upload/sites/ecommerce-1625a/versions/e43ecb99ccbf42b7/files/7254671906d9fa774e9b9040ca56daa266f9cbec1df4c01b3f2baa432699040d 200
[debug] [2021-07-05T08:14:17.607Z] <<< [apiv2][body] POST https://upload-firebasehosting.googleapis.com/upload/sites/ecommerce-1625a/versions/e43ecb99ccbf42b7/files/7254671906d9fa774e9b9040ca56daa266f9cbec1df4c01b3f2baa432699040d [stream]
[debug] [2021-07-05T08:14:17.626Z] <<< [apiv2][status] POST https://upload-firebasehosting.googleapis.com/upload/sites/ecommerce-1625a/versions/e43ecb99ccbf42b7/files/17747df8408cde7de491d5ead4f1b96723f037c890c66146255c8dc95f3c27d7 200
[debug] [2021-07-05T08:14:17.627Z] <<< [apiv2][body] POST https://upload-firebasehosting.googleapis.com/upload/sites/ecommerce-1625a/versions/e43ecb99ccbf42b7/files/17747df8408cde7de491d5ead4f1b96723f037c890c66146255c8dc95f3c27d7 [stream]
[debug] [2021-07-05T08:14:17.630Z] <<< [apiv2][status] POST https://upload-firebasehosting.googleapis.com/upload/sites/ecommerce-1625a/versions/e43ecb99ccbf42b7/files/d32f68a538daf0d391709d7e7d99eb46055d95bf2eea8056a9f95d78ae66492a 200
[debug] [2021-07-05T08:14:17.630Z] <<< [apiv2][body] POST https://upload-firebasehosting.googleapis.com/upload/sites/ecommerce-1625a/versions/e43ecb99ccbf42b7/files/d32f68a538daf0d391709d7e7d99eb46055d95bf2eea8056a9f95d78ae66492a [stream]
[debug] [2021-07-05T08:14:17.648Z] <<< [apiv2][status] POST https://upload-firebasehosting.googleapis.com/upload/sites/ecommerce-1625a/versions/e43ecb99ccbf42b7/files/d96d99bbbd1ce0ce3b7c83d69ced199e14fa1d9716d7027539fd3a7c0b2bb54f 200
[debug] [2021-07-05T08:14:17.648Z] <<< [apiv2][body] POST https://upload-firebasehosting.googleapis.com/upload/sites/ecommerce-1625a/versions/e43ecb99ccbf42b7/files/d96d99bbbd1ce0ce3b7c83d69ced199e14fa1d9716d7027539fd3a7c0b2bb54f [stream]
[debug] [2021-07-05T08:14:17.652Z] <<< [apiv2][status] POST https://upload-firebasehosting.googleapis.com/upload/sites/ecommerce-1625a/versions/e43ecb99ccbf42b7/files/e784c47b4f98fc5ee7c34121da52076401b298f4657945a4eb77f7e6aa55975b 200
[debug] [2021-07-05T08:14:17.652Z] <<< [apiv2][body] POST https://upload-firebasehosting.googleapis.com/upload/sites/ecommerce-1625a/versions/e43ecb99ccbf42b7/files/e784c47b4f98fc5ee7c34121da52076401b298f4657945a4eb77f7e6aa55975b [stream]
[debug] [2021-07-05T08:14:17.661Z] <<< [apiv2][status] POST https://upload-firebasehosting.googleapis.com/upload/sites/ecommerce-1625a/versions/e43ecb99ccbf42b7/files/344937013d8d9d90c8711ae53ddebc9f68d6d9a8518d2de8a4c77e5fc550b00b 200
[debug] [2021-07-05T08:14:17.661Z] <<< [apiv2][body] POST https://upload-firebasehosting.googleapis.com/upload/sites/ecommerce-1625a/versions/e43ecb99ccbf42b7/files/344937013d8d9d90c8711ae53ddebc9f68d6d9a8518d2de8a4c77e5fc550b00b [stream]
[debug] [2021-07-05T08:14:17.871Z] <<< [apiv2][status] POST https://upload-firebasehosting.googleapis.com/upload/sites/ecommerce-1625a/versions/e43ecb99ccbf42b7/files/7ae715e35369de7a8f84d38162e5ac2e434a56180f122869531117dbae30889f 200
[debug] [2021-07-05T08:14:17.871Z] <<< [apiv2][body] POST https://upload-firebasehosting.googleapis.com/upload/sites/ecommerce-1625a/versions/e43ecb99ccbf42b7/files/7ae715e35369de7a8f84d38162e5ac2e434a56180f122869531117dbae30889f [stream]
[debug] [2021-07-05T08:14:18.004Z] <<< [apiv2][status] POST https://upload-firebasehosting.googleapis.com/upload/sites/ecommerce-1625a/versions/e43ecb99ccbf42b7/files/b2a57ba865243d9fab5c3d2faa100963a1fd3511b46f4529aef231955c3d8f74 200
[debug] [2021-07-05T08:14:18.004Z] <<< [apiv2][body] POST https://upload-firebasehosting.googleapis.com/upload/sites/ecommerce-1625a/versions/e43ecb99ccbf42b7/files/b2a57ba865243d9fab5c3d2faa100963a1fd3511b46f4529aef231955c3d8f74 [stream]
[debug] [2021-07-05T08:14:18.005Z] <<< [apiv2][status] POST https://upload-firebasehosting.googleapis.com/upload/sites/ecommerce-1625a/versions/e43ecb99ccbf42b7/files/bb6f30abe952840a954a90fc3ed0767a6835bcfe65d3e7946f1e4223eeb01330 200
[debug] [2021-07-05T08:14:18.005Z] <<< [apiv2][body] POST https://upload-firebasehosting.googleapis.com/upload/sites/ecommerce-1625a/versions/e43ecb99ccbf42b7/files/bb6f30abe952840a954a90fc3ed0767a6835bcfe65d3e7946f1e4223eeb01330 [stream]
[debug] [2021-07-05T08:14:18.041Z] <<< [apiv2][status] POST https://upload-firebasehosting.googleapis.com/upload/sites/ecommerce-1625a/versions/e43ecb99ccbf42b7/files/bbbfd821cccbde31b70928ec65e5c9eea34454217c6cd9a06bda5174cdc3c78b 200
[debug] [2021-07-05T08:14:18.043Z] <<< [apiv2][body] POST https://upload-firebasehosting.googleapis.com/upload/sites/ecommerce-1625a/versions/e43ecb99ccbf42b7/files/bbbfd821cccbde31b70928ec65e5c9eea34454217c6cd9a06bda5174cdc3c78b [stream]
[debug] [2021-07-05T08:14:18.239Z] <<< [apiv2][status] POST https://upload-firebasehosting.googleapis.com/upload/sites/ecommerce-1625a/versions/e43ecb99ccbf42b7/files/00c6a384dcf35d3e6c39874af6627b205104dc11a50d9823212772877d4b4784 200
[debug] [2021-07-05T08:14:18.239Z] <<< [apiv2][body] POST https://upload-firebasehosting.googleapis.com/upload/sites/ecommerce-1625a/versions/e43ecb99ccbf42b7/files/00c6a384dcf35d3e6c39874af6627b205104dc11a50d9823212772877d4b4784 [stream]
[debug] [2021-07-05T08:14:18.241Z] <<< [apiv2][status] POST https://upload-firebasehosting.googleapis.com/upload/sites/ecommerce-1625a/versions/e43ecb99ccbf42b7/files/bb1d984eebfda67010a5f2e7894da176ee260913d4766e429607fb315a411e87 200
[debug] [2021-07-05T08:14:18.241Z] <<< [apiv2][body] POST https://upload-firebasehosting.googleapis.com/upload/sites/ecommerce-1625a/versions/e43ecb99ccbf42b7/files/bb1d984eebfda67010a5f2e7894da176ee260913d4766e429607fb315a411e87 [stream]
[debug] [2021-07-05T08:14:18.242Z] <<< [apiv2][status] POST https://upload-firebasehosting.googleapis.com/upload/sites/ecommerce-1625a/versions/e43ecb99ccbf42b7/files/dbd493e7bd9119328ce5a80868916f335eaf07970da3ed4f660d8eb5e6487c82 200
[debug] [2021-07-05T08:14:18.242Z] <<< [apiv2][body] POST https://upload-firebasehosting.googleapis.com/upload/sites/ecommerce-1625a/versions/e43ecb99ccbf42b7/files/dbd493e7bd9119328ce5a80868916f335eaf07970da3ed4f660d8eb5e6487c82 [stream]
[debug] [2021-07-05T08:14:18.243Z] <<< [apiv2][status] POST https://upload-firebasehosting.googleapis.com/upload/sites/ecommerce-1625a/versions/e43ecb99ccbf42b7/files/8a61c41ce45dc86749ef57c643660445a39f95673fd8c2b924cb5fa338a342c2 200
[debug] [2021-07-05T08:14:18.243Z] <<< [apiv2][body] POST https://upload-firebasehosting.googleapis.com/upload/sites/ecommerce-1625a/versions/e43ecb99ccbf42b7/files/8a61c41ce45dc86749ef57c643660445a39f95673fd8c2b924cb5fa338a342c2 [stream]
[debug] [2021-07-05T08:14:18.243Z] <<< [apiv2][status] POST https://upload-firebasehosting.googleapis.com/upload/sites/ecommerce-1625a/versions/e43ecb99ccbf42b7/files/f658210f8db21aedee2c8d0ba2b93fc64228b9d75afe769faa2c94c9cbb57961 200
[debug] [2021-07-05T08:14:18.243Z] <<< [apiv2][body] POST https://upload-firebasehosting.googleapis.com/upload/sites/ecommerce-1625a/versions/e43ecb99ccbf42b7/files/f658210f8db21aedee2c8d0ba2b93fc64228b9d75afe769faa2c94c9cbb57961 [stream]
[debug] [2021-07-05T08:14:18.245Z] <<< [apiv2][status] POST https://upload-firebasehosting.googleapis.com/upload/sites/ecommerce-1625a/versions/e43ecb99ccbf42b7/files/ee9782319bee8cbc24b6047e1c3b3efd6abe5a262dd4b0870d1433d5c17c74e8 200
[debug] [2021-07-05T08:14:18.245Z] <<< [apiv2][body] POST https://upload-firebasehosting.googleapis.com/upload/sites/ecommerce-1625a/versions/e43ecb99ccbf42b7/files/ee9782319bee8cbc24b6047e1c3b3efd6abe5a262dd4b0870d1433d5c17c74e8 [stream]
[debug] [2021-07-05T08:14:18.253Z] <<< [apiv2][status] POST https://upload-firebasehosting.googleapis.com/upload/sites/ecommerce-1625a/versions/e43ecb99ccbf42b7/files/adfe81ab2e22eb3fc0100c6553407ba2658aa9e3f129f30f6767bca1ead21f0b 200
[debug] [2021-07-05T08:14:18.253Z] <<< [apiv2][body] POST https://upload-firebasehosting.googleapis.com/upload/sites/ecommerce-1625a/versions/e43ecb99ccbf42b7/files/adfe81ab2e22eb3fc0100c6553407ba2658aa9e3f129f30f6767bca1ead21f0b [stream]
[debug] [2021-07-05T08:14:18.463Z] <<< [apiv2][status] POST https://upload-firebasehosting.googleapis.com/upload/sites/ecommerce-1625a/versions/e43ecb99ccbf42b7/files/aeaa3faabecf8be7fa75e9332de5e5769762a4d4df8f3c4dd72cf9fd5830ba5b 200
[debug] [2021-07-05T08:14:18.464Z] <<< [apiv2][body] POST https://upload-firebasehosting.googleapis.com/upload/sites/ecommerce-1625a/versions/e43ecb99ccbf42b7/files/aeaa3faabecf8be7fa75e9332de5e5769762a4d4df8f3c4dd72cf9fd5830ba5b [stream]
[debug] [2021-07-05T08:14:18.494Z] <<< [apiv2][status] POST https://upload-firebasehosting.googleapis.com/upload/sites/ecommerce-1625a/versions/e43ecb99ccbf42b7/files/46625fdc4cd66143a7074270acd28d7accf8580881f416d90c62d181a94f125b 200
[debug] [2021-07-05T08:14:18.494Z] <<< [apiv2][body] POST https://upload-firebasehosting.googleapis.com/upload/sites/ecommerce-1625a/versions/e43ecb99ccbf42b7/files/46625fdc4cd66143a7074270acd28d7accf8580881f416d90c62d181a94f125b [stream]
[debug] [2021-07-05T08:14:18.494Z] [hosting][upload queue][FINAL] {"max":3191,"min":2076,"avg":2556.703703703704,"active":0,"complete":27,"success":27,"errored":0,"retried":0,"total":27,"elapsed":3194}
[info] ✔  hosting[ecommerce-1625a]: file upload complete 
[debug] [2021-07-05T08:14:18.495Z] [hosting] deploy completed after 6198ms
[debug] [2021-07-05T08:14:18.500Z] [rules] releasing firebase.storage/ecommerce-1625a.appspot.com with ruleset projects/ecommerce-1625a/rulesets/902e964c-17f2-4683-8cf2-aa7ecea2ec6c
[debug] [2021-07-05T08:14:18.501Z] > refreshing access token with scopes: ["email","https://www.googleapis.com/auth/cloud-platform","https://www.googleapis.com/auth/cloudplatformprojects.readonly","https://www.googleapis.com/auth/firebase","openid"]
[debug] [2021-07-05T08:14:18.501Z] >>> HTTP REQUEST POST https://www.googleapis.com/oauth2/v3/token  
 <request body omitted>
[debug] [2021-07-05T08:14:18.783Z] <<< HTTP RESPONSE 200 {"expires":"Mon, 01 Jan 1990 00:00:00 GMT","cache-control":"no-cache, no-store, max-age=0, must-revalidate","date":"Mon, 05 Jul 2021 08:14:18 GMT","pragma":"no-cache","content-type":"application/json; charset=utf-8","vary":"X-Origin, Referer, Origin,Accept-Encoding","server":"scaffolding on HTTPServer2","x-xss-protection":"0","x-frame-options":"SAMEORIGIN","x-content-type-options":"nosniff","alt-svc":"h3=\":443\"; ma=2592000,h3-29=\":443\"; ma=2592000,h3-T051=\":443\"; ma=2592000,h3-Q050=\":443\"; ma=2592000,h3-Q046=\":443\"; ma=2592000,h3-Q043=\":443\"; ma=2592000,quic=\":443\"; ma=2592000; v=\"46,43\"","accept-ranges":"none","transfer-encoding":"chunked"}
[debug] [2021-07-05T08:14:18.809Z] >>> HTTP REQUEST PATCH https://firebaserules.googleapis.com/v1/projects/ecommerce-1625a/releases/firebase.storage/ecommerce-1625a.appspot.com  
 {"release":{"name":"projects/ecommerce-1625a/releases/firebase.storage/ecommerce-1625a.appspot.com","rulesetName":"projects/ecommerce-1625a/rulesets/902e964c-17f2-4683-8cf2-aa7ecea2ec6c"}}
[debug] [2021-07-05T08:14:20.156Z] <<< HTTP RESPONSE 200 {"content-type":"application/json; charset=UTF-8","vary":"X-Origin, Referer, Origin,Accept-Encoding","date":"Mon, 05 Jul 2021 08:14:20 GMT","server":"ESF","cache-control":"private","x-xss-protection":"0","x-frame-options":"SAMEORIGIN","x-content-type-options":"nosniff","alt-svc":"h3=\":443\"; ma=2592000,h3-29=\":443\"; ma=2592000,h3-T051=\":443\"; ma=2592000,h3-Q050=\":443\"; ma=2592000,h3-Q046=\":443\"; ma=2592000,h3-Q043=\":443\"; ma=2592000,quic=\":443\"; ma=2592000; v=\"46,43\"","accept-ranges":"none","transfer-encoding":"chunked"}
[debug] [2021-07-05T08:14:20.156Z] [rules] updated release projects/ecommerce-1625a/releases/firebase.storage/ecommerce-1625a.appspot.com
[info] ✔  storage: released rules storage.rules to firebase.storage 
[debug] [2021-07-05T08:14:20.157Z] [rules] releasing cloud.firestore with ruleset projects/ecommerce-1625a/rulesets/ddd5e432-6a44-4f90-b1b9-cb22920ae8d1
[debug] [2021-07-05T08:14:20.157Z] >>> HTTP REQUEST PATCH https://firebaserules.googleapis.com/v1/projects/ecommerce-1625a/releases/cloud.firestore  
 {"release":{"name":"projects/ecommerce-1625a/releases/cloud.firestore","rulesetName":"projects/ecommerce-1625a/rulesets/ddd5e432-6a44-4f90-b1b9-cb22920ae8d1"}}
[debug] [2021-07-05T08:14:21.507Z] <<< HTTP RESPONSE 200 {"content-type":"application/json; charset=UTF-8","vary":"X-Origin, Referer, Origin,Accept-Encoding","date":"Mon, 05 Jul 2021 08:14:21 GMT","server":"ESF","cache-control":"private","x-xss-protection":"0","x-frame-options":"SAMEORIGIN","x-content-type-options":"nosniff","alt-svc":"h3=\":443\"; ma=2592000,h3-29=\":443\"; ma=2592000,h3-T051=\":443\"; ma=2592000,h3-Q050=\":443\"; ma=2592000,h3-Q046=\":443\"; ma=2592000,h3-Q043=\":443\"; ma=2592000,quic=\":443\"; ma=2592000; v=\"46,43\"","accept-ranges":"none","transfer-encoding":"chunked"}
[debug] [2021-07-05T08:14:21.508Z] [rules] updated release projects/ecommerce-1625a/releases/cloud.firestore
[info] ✔  firestore: released rules firestore.rules to cloud.firestore 
[info] i  functions: updating Node.js 12 function addAdminRole(us-central1)... 
[debug] [2021-07-05T08:14:21.513Z] >>> HTTP REQUEST PATCH https://cloudfunctions.googleapis.com/v1/projects/ecommerce-1625a/locations/us-central1/functions/addAdminRole {"updateMask":"name,sourceUploadUrl,entryPoint,runtime,httpsTrigger.securityLevel,labels,environmentVariables"} 
 {"name":"projects/ecommerce-1625a/locations/us-central1/functions/addAdminRole","sourceUploadUrl":"https://storage.googleapis.com/gcf-upload-us-central1-4db0e23c-e5f9-41a3-8a06-0fe83c5def4b/0cdb2e64-2e70-456a-807c-dce69f86e03f.zip?GoogleAccessId=service-643320170172@gcf-admin-robot.iam.gserviceaccount.com&Expires=1625474651&Signature=m%2F64316Q3gonmL69pp6akQXszhSins%2Bs2AO3mHFZoFBOozQ0j0WXzypXnexyO7lEBRU1pjklhY%2B%2BOvKzd5t7CjV3XyMnj%2BOIJ8eSuYm5BrzZSCRTS0ueuY9A0qq3kcSbN6sM427x1g2fwBynpRd1xrO0uaI68fC8cT7JHbMZdAGEdDGZuqssqE5KKQxTW2tVQ8BpvGmsjgQA98%2FP3IJZIgxbRtgSenirnWpc2lB76T5zAwN4HUb6zw%2BDNe2yQ4NzAws3cdqNTyH%2FI%2BjM8NfeG6OBZWnJAEoEjAbDXBwlz304gWP1D3xAB6OgPKbOqBRAaElH5cFWbY2c6KvYSuVA8A%3D%3D","entryPoint":"addAdminRole","runtime":"nodejs12","httpsTrigger":{"securityLevel":"SECURE_OPTIONAL"},"labels":{"deployment-callable":"true","deployment-tool":"cli-firebase"},"environmentVariables":{"FIREBASE_CONFIG":"{\"projectId\":\"ecommerce-1625a\",\"storageBucket\":\"ecommerce-1625a.appspot.com\",\"locationId\":\"asia-south1\"}"}}
[debug] [2021-07-05T08:14:22.295Z] <<< HTTP RESPONSE 200 {"content-type":"application/json; charset=UTF-8","vary":"X-Origin, Referer, Origin,Accept-Encoding","date":"Mon, 05 Jul 2021 08:14:22 GMT","server":"ESF","cache-control":"private","x-xss-protection":"0","x-frame-options":"SAMEORIGIN","x-content-type-options":"nosniff","alt-svc":"h3=\":443\"; ma=2592000,h3-29=\":443\"; ma=2592000,h3-T051=\":443\"; ma=2592000,h3-Q050=\":443\"; ma=2592000,h3-Q046=\":443\"; ma=2592000,h3-Q043=\":443\"; ma=2592000,quic=\":443\"; ma=2592000; v=\"46,43\"","accept-ranges":"none","transfer-encoding":"chunked"}
[debug] [2021-07-05T08:14:22.296Z] > refreshing access token with scopes: []
[debug] [2021-07-05T08:14:22.296Z] >>> HTTP REQUEST POST https://www.googleapis.com/oauth2/v3/token  
 <request body omitted>
[debug] [2021-07-05T08:14:22.556Z] <<< HTTP RESPONSE 200 {"pragma":"no-cache","expires":"Mon, 01 Jan 1990 00:00:00 GMT","date":"Mon, 05 Jul 2021 08:14:22 GMT","cache-control":"no-cache, no-store, max-age=0, must-revalidate","content-type":"application/json; charset=utf-8","vary":"X-Origin, Referer, Origin,Accept-Encoding","server":"scaffolding on HTTPServer2","x-xss-protection":"0","x-frame-options":"SAMEORIGIN","x-content-type-options":"nosniff","alt-svc":"h3=\":443\"; ma=2592000,h3-29=\":443\"; ma=2592000,h3-T051=\":443\"; ma=2592000,h3-Q050=\":443\"; ma=2592000,h3-Q046=\":443\"; ma=2592000,h3-Q043=\":443\"; ma=2592000,quic=\":443\"; ma=2592000; v=\"46,43\"","accept-ranges":"none","transfer-encoding":"chunked"}
[debug] [2021-07-05T08:14:22.582Z] >>> [apiv2][query] GET https://cloudfunctions.googleapis.com/v1/operations/ZWNvbW1lcmNlLTE2MjVhL3VzLWNlbnRyYWwxL2FkZEFkbWluUm9sZS8ydVZjX0luX1ktSQ [none]
[debug] [2021-07-05T08:14:23.040Z] <<< [apiv2][status] GET https://cloudfunctions.googleapis.com/v1/operations/ZWNvbW1lcmNlLTE2MjVhL3VzLWNlbnRyYWwxL2FkZEFkbWluUm9sZS8ydVZjX0luX1ktSQ 200
[debug] [2021-07-05T08:14:23.040Z] <<< [apiv2][body] GET https://cloudfunctions.googleapis.com/v1/operations/ZWNvbW1lcmNlLTE2MjVhL3VzLWNlbnRyYWwxL2FkZEFkbWluUm9sZS8ydVZjX0luX1ktSQ {"name":"operations/ZWNvbW1lcmNlLTE2MjVhL3VzLWNlbnRyYWwxL2FkZEFkbWluUm9sZS8ydVZjX0luX1ktSQ","metadata":{"@type":"type.googleapis.com/google.cloud.functions.v1.OperationMetadataV1","target":"projects/ecommerce-1625a/locations/us-central1/functions/addAdminRole","type":"UPDATE_FUNCTION","request":{"@type":"type.googleapis.com/google.cloud.functions.v1.CloudFunction","name":"projects/ecommerce-1625a/locations/us-central1/functions/addAdminRole","httpsTrigger":{"url":"https://us-central1-ecommerce-1625a.cloudfunctions.net/addAdminRole","securityLevel":"SECURE_OPTIONAL"},"status":"ACTIVE","entryPoint":"addAdminRole","timeout":"60s","availableMemoryMb":256,"serviceAccountEmail":"ecommerce-1625a@appspot.gserviceaccount.com","updateTime":"2021-07-04T22:59:34.995Z","versionId":"141","labels":{"deployment-callable":"true","deployment-tool":"cli-firebase"},"sourceUploadUrl":"https://storage.googleapis.com/gcf-upload-us-central1-4db0e23c-e5f9-41a3-8a06-0fe83c5def4b/0cdb2e64-2e70-456a-807c-dce69f86e03f.zip?GoogleAccessId=service-643320170172@gcf-admin-robot.iam.gserviceaccount.com&Expires=1625474651&Signature=m%2F64316Q3gonmL69pp6akQXszhSins%2Bs2AO3mHFZoFBOozQ0j0WXzypXnexyO7lEBRU1pjklhY%2B%2BOvKzd5t7CjV3XyMnj%2BOIJ8eSuYm5BrzZSCRTS0ueuY9A0qq3kcSbN6sM427x1g2fwBynpRd1xrO0uaI68fC8cT7JHbMZdAGEdDGZuqssqE5KKQxTW2tVQ8BpvGmsjgQA98%2FP3IJZIgxbRtgSenirnWpc2lB76T5zAwN4HUb6zw%2BDNe2yQ4NzAws3cdqNTyH%2FI%2BjM8NfeG6OBZWnJAEoEjAbDXBwlz304gWP1D3xAB6OgPKbOqBRAaElH5cFWbY2c6KvYSuVA8A%3D%3D","environmentVariables":{"FIREBASE_CONFIG":"{\"projectId\":\"ecommerce-1625a\",\"storageBucket\":\"ecommerce-1625a.appspot.com\",\"locationId\":\"asia-south1\"}"},"runtime":"nodejs12","ingressSettings":"ALLOW_ALL","buildId":"5d4447eb-7850-4359-bec5-59393fbc8b78"},"versionId":"142","updateTime":"2021-07-05T08:14:22Z","buildName":"projects/643320170172/locations/us-central1/builds/5d4447eb-7850-4359-bec5-59393fbc8b78"}}
[debug] [2021-07-05T08:14:23.541Z] [update-projects/ecommerce-1625a/locations/us-central1/functions/addAdminRole] Retrying task index 0
[debug] [2021-07-05T08:14:23.541Z] >>> [apiv2][query] GET https://cloudfunctions.googleapis.com/v1/operations/ZWNvbW1lcmNlLTE2MjVhL3VzLWNlbnRyYWwxL2FkZEFkbWluUm9sZS8ydVZjX0luX1ktSQ [none]
[debug] [2021-07-05T08:14:23.995Z] <<< [apiv2][status] GET https://cloudfunctions.googleapis.com/v1/operations/ZWNvbW1lcmNlLTE2MjVhL3VzLWNlbnRyYWwxL2FkZEFkbWluUm9sZS8ydVZjX0luX1ktSQ 200
[debug] [2021-07-05T08:14:23.995Z] <<< [apiv2][body] GET https://cloudfunctions.googleapis.com/v1/operations/ZWNvbW1lcmNlLTE2MjVhL3VzLWNlbnRyYWwxL2FkZEFkbWluUm9sZS8ydVZjX0luX1ktSQ {"name":"operations/ZWNvbW1lcmNlLTE2MjVhL3VzLWNlbnRyYWwxL2FkZEFkbWluUm9sZS8ydVZjX0luX1ktSQ","metadata":{"@type":"type.googleapis.com/google.cloud.functions.v1.OperationMetadataV1","target":"projects/ecommerce-1625a/locations/us-central1/functions/addAdminRole","type":"UPDATE_FUNCTION","request":{"@type":"type.googleapis.com/google.cloud.functions.v1.CloudFunction","name":"projects/ecommerce-1625a/locations/us-central1/functions/addAdminRole","httpsTrigger":{"url":"https://us-central1-ecommerce-1625a.cloudfunctions.net/addAdminRole","securityLevel":"SECURE_OPTIONAL"},"status":"ACTIVE","entryPoint":"addAdminRole","timeout":"60s","availableMemoryMb":256,"serviceAccountEmail":"ecommerce-1625a@appspot.gserviceaccount.com","updateTime":"2021-07-04T22:59:34.995Z","versionId":"141","labels":{"deployment-callable":"true","deployment-tool":"cli-firebase"},"sourceUploadUrl":"https://storage.googleapis.com/gcf-upload-us-central1-4db0e23c-e5f9-41a3-8a06-0fe83c5def4b/0cdb2e64-2e70-456a-807c-dce69f86e03f.zip?GoogleAccessId=service-643320170172@gcf-admin-robot.iam.gserviceaccount.com&Expires=1625474651&Signature=m%2F64316Q3gonmL69pp6akQXszhSins%2Bs2AO3mHFZoFBOozQ0j0WXzypXnexyO7lEBRU1pjklhY%2B%2BOvKzd5t7CjV3XyMnj%2BOIJ8eSuYm5BrzZSCRTS0ueuY9A0qq3kcSbN6sM427x1g2fwBynpRd1xrO0uaI68fC8cT7JHbMZdAGEdDGZuqssqE5KKQxTW2tVQ8BpvGmsjgQA98%2FP3IJZIgxbRtgSenirnWpc2lB76T5zAwN4HUb6zw%2BDNe2yQ4NzAws3cdqNTyH%2FI%2BjM8NfeG6OBZWnJAEoEjAbDXBwlz304gWP1D3xAB6OgPKbOqBRAaElH5cFWbY2c6KvYSuVA8A%3D%3D","environmentVariables":{"FIREBASE_CONFIG":"{\"projectId\":\"ecommerce-1625a\",\"storageBucket\":\"ecommerce-1625a.appspot.com\",\"locationId\":\"asia-south1\"}"},"runtime":"nodejs12","ingressSettings":"ALLOW_ALL","buildId":"5d4447eb-7850-4359-bec5-59393fbc8b78"},"versionId":"142","updateTime":"2021-07-05T08:14:22Z","buildId":"e9085c09-5cee-491e-80f8-5fe54f611907","buildName":"projects/643320170172/locations/us-central1/builds/e9085c09-5cee-491e-80f8-5fe54f611907"}}
[debug] [2021-07-05T08:14:24.998Z] [update-projects/ecommerce-1625a/locations/us-central1/functions/addAdminRole] Retrying task index 0
[debug] [2021-07-05T08:14:24.998Z] >>> [apiv2][query] GET https://cloudfunctions.googleapis.com/v1/operations/ZWNvbW1lcmNlLTE2MjVhL3VzLWNlbnRyYWwxL2FkZEFkbWluUm9sZS8ydVZjX0luX1ktSQ [none]
[debug] [2021-07-05T08:14:25.445Z] <<< [apiv2][status] GET https://cloudfunctions.googleapis.com/v1/operations/ZWNvbW1lcmNlLTE2MjVhL3VzLWNlbnRyYWwxL2FkZEFkbWluUm9sZS8ydVZjX0luX1ktSQ 200
[debug] [2021-07-05T08:14:25.445Z] <<< [apiv2][body] GET https://cloudfunctions.googleapis.com/v1/operations/ZWNvbW1lcmNlLTE2MjVhL3VzLWNlbnRyYWwxL2FkZEFkbWluUm9sZS8ydVZjX0luX1ktSQ {"name":"operations/ZWNvbW1lcmNlLTE2MjVhL3VzLWNlbnRyYWwxL2FkZEFkbWluUm9sZS8ydVZjX0luX1ktSQ","metadata":{"@type":"type.googleapis.com/google.cloud.functions.v1.OperationMetadataV1","target":"projects/ecommerce-1625a/locations/us-central1/functions/addAdminRole","type":"UPDATE_FUNCTION","request":{"@type":"type.googleapis.com/google.cloud.functions.v1.CloudFunction","name":"projects/ecommerce-1625a/locations/us-central1/functions/addAdminRole","httpsTrigger":{"url":"https://us-central1-ecommerce-1625a.cloudfunctions.net/addAdminRole","securityLevel":"SECURE_OPTIONAL"},"status":"ACTIVE","entryPoint":"addAdminRole","timeout":"60s","availableMemoryMb":256,"serviceAccountEmail":"ecommerce-1625a@appspot.gserviceaccount.com","updateTime":"2021-07-04T22:59:34.995Z","versionId":"141","labels":{"deployment-callable":"true","deployment-tool":"cli-firebase"},"sourceUploadUrl":"https://storage.googleapis.com/gcf-upload-us-central1-4db0e23c-e5f9-41a3-8a06-0fe83c5def4b/0cdb2e64-2e70-456a-807c-dce69f86e03f.zip?GoogleAccessId=service-643320170172@gcf-admin-robot.iam.gserviceaccount.com&Expires=1625474651&Signature=m%2F64316Q3gonmL69pp6akQXszhSins%2Bs2AO3mHFZoFBOozQ0j0WXzypXnexyO7lEBRU1pjklhY%2B%2BOvKzd5t7CjV3XyMnj%2BOIJ8eSuYm5BrzZSCRTS0ueuY9A0qq3kcSbN6sM427x1g2fwBynpRd1xrO0uaI68fC8cT7JHbMZdAGEdDGZuqssqE5KKQxTW2tVQ8BpvGmsjgQA98%2FP3IJZIgxbRtgSenirnWpc2lB76T5zAwN4HUb6zw%2BDNe2yQ4NzAws3cdqNTyH%2FI%2BjM8NfeG6OBZWnJAEoEjAbDXBwlz304gWP1D3xAB6OgPKbOqBRAaElH5cFWbY2c6KvYSuVA8A%3D%3D","environmentVariables":{"FIREBASE_CONFIG":"{\"projectId\":\"ecommerce-1625a\",\"storageBucket\":\"ecommerce-1625a.appspot.com\",\"locationId\":\"asia-south1\"}"},"runtime":"nodejs12","ingressSettings":"ALLOW_ALL","buildId":"5d4447eb-7850-4359-bec5-59393fbc8b78"},"versionId":"142","updateTime":"2021-07-05T08:14:22Z","buildId":"e9085c09-5cee-491e-80f8-5fe54f611907","buildName":"projects/643320170172/locations/us-central1/builds/e9085c09-5cee-491e-80f8-5fe54f611907"}}
[debug] [2021-07-05T08:14:27.449Z] [update-projects/ecommerce-1625a/locations/us-central1/functions/addAdminRole] Retrying task index 0
[debug] [2021-07-05T08:14:27.449Z] >>> [apiv2][query] GET https://cloudfunctions.googleapis.com/v1/operations/ZWNvbW1lcmNlLTE2MjVhL3VzLWNlbnRyYWwxL2FkZEFkbWluUm9sZS8ydVZjX0luX1ktSQ [none]
[debug] [2021-07-05T08:14:27.897Z] <<< [apiv2][status] GET https://cloudfunctions.googleapis.com/v1/operations/ZWNvbW1lcmNlLTE2MjVhL3VzLWNlbnRyYWwxL2FkZEFkbWluUm9sZS8ydVZjX0luX1ktSQ 200
[debug] [2021-07-05T08:14:27.898Z] <<< [apiv2][body] GET https://cloudfunctions.googleapis.com/v1/operations/ZWNvbW1lcmNlLTE2MjVhL3VzLWNlbnRyYWwxL2FkZEFkbWluUm9sZS8ydVZjX0luX1ktSQ {"name":"operations/ZWNvbW1lcmNlLTE2MjVhL3VzLWNlbnRyYWwxL2FkZEFkbWluUm9sZS8ydVZjX0luX1ktSQ","metadata":{"@type":"type.googleapis.com/google.cloud.functions.v1.OperationMetadataV1","target":"projects/ecommerce-1625a/locations/us-central1/functions/addAdminRole","type":"UPDATE_FUNCTION","request":{"@type":"type.googleapis.com/google.cloud.functions.v1.CloudFunction","name":"projects/ecommerce-1625a/locations/us-central1/functions/addAdminRole","httpsTrigger":{"url":"https://us-central1-ecommerce-1625a.cloudfunctions.net/addAdminRole","securityLevel":"SECURE_OPTIONAL"},"status":"ACTIVE","entryPoint":"addAdminRole","timeout":"60s","availableMemoryMb":256,"serviceAccountEmail":"ecommerce-1625a@appspot.gserviceaccount.com","updateTime":"2021-07-04T22:59:34.995Z","versionId":"141","labels":{"deployment-callable":"true","deployment-tool":"cli-firebase"},"sourceUploadUrl":"https://storage.googleapis.com/gcf-upload-us-central1-4db0e23c-e5f9-41a3-8a06-0fe83c5def4b/0cdb2e64-2e70-456a-807c-dce69f86e03f.zip?GoogleAccessId=service-643320170172@gcf-admin-robot.iam.gserviceaccount.com&Expires=1625474651&Signature=m%2F64316Q3gonmL69pp6akQXszhSins%2Bs2AO3mHFZoFBOozQ0j0WXzypXnexyO7lEBRU1pjklhY%2B%2BOvKzd5t7CjV3XyMnj%2BOIJ8eSuYm5BrzZSCRTS0ueuY9A0qq3kcSbN6sM427x1g2fwBynpRd1xrO0uaI68fC8cT7JHbMZdAGEdDGZuqssqE5KKQxTW2tVQ8BpvGmsjgQA98%2FP3IJZIgxbRtgSenirnWpc2lB76T5zAwN4HUb6zw%2BDNe2yQ4NzAws3cdqNTyH%2FI%2BjM8NfeG6OBZWnJAEoEjAbDXBwlz304gWP1D3xAB6OgPKbOqBRAaElH5cFWbY2c6KvYSuVA8A%3D%3D","environmentVariables":{"FIREBASE_CONFIG":"{\"projectId\":\"ecommerce-1625a\",\"storageBucket\":\"ecommerce-1625a.appspot.com\",\"locationId\":\"asia-south1\"}"},"runtime":"nodejs12","ingressSettings":"ALLOW_ALL","buildId":"5d4447eb-7850-4359-bec5-59393fbc8b78"},"versionId":"142","updateTime":"2021-07-05T08:14:22Z","buildId":"e9085c09-5cee-491e-80f8-5fe54f611907","buildName":"projects/643320170172/locations/us-central1/builds/e9085c09-5cee-491e-80f8-5fe54f611907"}}
[debug] [2021-07-05T08:14:31.899Z] [update-projects/ecommerce-1625a/locations/us-central1/functions/addAdminRole] Retrying task index 0
[debug] [2021-07-05T08:14:31.900Z] >>> [apiv2][query] GET https://cloudfunctions.googleapis.com/v1/operations/ZWNvbW1lcmNlLTE2MjVhL3VzLWNlbnRyYWwxL2FkZEFkbWluUm9sZS8ydVZjX0luX1ktSQ [none]
[debug] [2021-07-05T08:14:32.435Z] <<< [apiv2][status] GET https://cloudfunctions.googleapis.com/v1/operations/ZWNvbW1lcmNlLTE2MjVhL3VzLWNlbnRyYWwxL2FkZEFkbWluUm9sZS8ydVZjX0luX1ktSQ 200
[debug] [2021-07-05T08:14:32.436Z] <<< [apiv2][body] GET https://cloudfunctions.googleapis.com/v1/operations/ZWNvbW1lcmNlLTE2MjVhL3VzLWNlbnRyYWwxL2FkZEFkbWluUm9sZS8ydVZjX0luX1ktSQ {"name":"operations/ZWNvbW1lcmNlLTE2MjVhL3VzLWNlbnRyYWwxL2FkZEFkbWluUm9sZS8ydVZjX0luX1ktSQ","metadata":{"@type":"type.googleapis.com/google.cloud.functions.v1.OperationMetadataV1","target":"projects/ecommerce-1625a/locations/us-central1/functions/addAdminRole","type":"UPDATE_FUNCTION","request":{"@type":"type.googleapis.com/google.cloud.functions.v1.CloudFunction","name":"projects/ecommerce-1625a/locations/us-central1/functions/addAdminRole","httpsTrigger":{"url":"https://us-central1-ecommerce-1625a.cloudfunctions.net/addAdminRole","securityLevel":"SECURE_OPTIONAL"},"status":"ACTIVE","entryPoint":"addAdminRole","timeout":"60s","availableMemoryMb":256,"serviceAccountEmail":"ecommerce-1625a@appspot.gserviceaccount.com","updateTime":"2021-07-04T22:59:34.995Z","versionId":"141","labels":{"deployment-callable":"true","deployment-tool":"cli-firebase"},"sourceUploadUrl":"https://storage.googleapis.com/gcf-upload-us-central1-4db0e23c-e5f9-41a3-8a06-0fe83c5def4b/0cdb2e64-2e70-456a-807c-dce69f86e03f.zip?GoogleAccessId=service-643320170172@gcf-admin-robot.iam.gserviceaccount.com&Expires=1625474651&Signature=m%2F64316Q3gonmL69pp6akQXszhSins%2Bs2AO3mHFZoFBOozQ0j0WXzypXnexyO7lEBRU1pjklhY%2B%2BOvKzd5t7CjV3XyMnj%2BOIJ8eSuYm5BrzZSCRTS0ueuY9A0qq3kcSbN6sM427x1g2fwBynpRd1xrO0uaI68fC8cT7JHbMZdAGEdDGZuqssqE5KKQxTW2tVQ8BpvGmsjgQA98%2FP3IJZIgxbRtgSenirnWpc2lB76T5zAwN4HUb6zw%2BDNe2yQ4NzAws3cdqNTyH%2FI%2BjM8NfeG6OBZWnJAEoEjAbDXBwlz304gWP1D3xAB6OgPKbOqBRAaElH5cFWbY2c6KvYSuVA8A%3D%3D","environmentVariables":{"FIREBASE_CONFIG":"{\"projectId\":\"ecommerce-1625a\",\"storageBucket\":\"ecommerce-1625a.appspot.com\",\"locationId\":\"asia-south1\"}"},"runtime":"nodejs12","ingressSettings":"ALLOW_ALL","buildId":"5d4447eb-7850-4359-bec5-59393fbc8b78"},"versionId":"142","updateTime":"2021-07-05T08:14:22Z","buildId":"e9085c09-5cee-491e-80f8-5fe54f611907","buildName":"projects/643320170172/locations/us-central1/builds/e9085c09-5cee-491e-80f8-5fe54f611907"}}
[debug] [2021-07-05T08:14:40.438Z] [update-projects/ecommerce-1625a/locations/us-central1/functions/addAdminRole] Retrying task index 0
[debug] [2021-07-05T08:14:40.439Z] >>> [apiv2][query] GET https://cloudfunctions.googleapis.com/v1/operations/ZWNvbW1lcmNlLTE2MjVhL3VzLWNlbnRyYWwxL2FkZEFkbWluUm9sZS8ydVZjX0luX1ktSQ [none]
[debug] [2021-07-05T08:14:40.928Z] <<< [apiv2][status] GET https://cloudfunctions.googleapis.com/v1/operations/ZWNvbW1lcmNlLTE2MjVhL3VzLWNlbnRyYWwxL2FkZEFkbWluUm9sZS8ydVZjX0luX1ktSQ 200
[debug] [2021-07-05T08:14:40.928Z] <<< [apiv2][body] GET https://cloudfunctions.googleapis.com/v1/operations/ZWNvbW1lcmNlLTE2MjVhL3VzLWNlbnRyYWwxL2FkZEFkbWluUm9sZS8ydVZjX0luX1ktSQ {"name":"operations/ZWNvbW1lcmNlLTE2MjVhL3VzLWNlbnRyYWwxL2FkZEFkbWluUm9sZS8ydVZjX0luX1ktSQ","metadata":{"@type":"type.googleapis.com/google.cloud.functions.v1.OperationMetadataV1","target":"projects/ecommerce-1625a/locations/us-central1/functions/addAdminRole","type":"UPDATE_FUNCTION","request":{"@type":"type.googleapis.com/google.cloud.functions.v1.CloudFunction","name":"projects/ecommerce-1625a/locations/us-central1/functions/addAdminRole","httpsTrigger":{"url":"https://us-central1-ecommerce-1625a.cloudfunctions.net/addAdminRole","securityLevel":"SECURE_OPTIONAL"},"status":"ACTIVE","entryPoint":"addAdminRole","timeout":"60s","availableMemoryMb":256,"serviceAccountEmail":"ecommerce-1625a@appspot.gserviceaccount.com","updateTime":"2021-07-04T22:59:34.995Z","versionId":"141","labels":{"deployment-callable":"true","deployment-tool":"cli-firebase"},"sourceUploadUrl":"https://storage.googleapis.com/gcf-upload-us-central1-4db0e23c-e5f9-41a3-8a06-0fe83c5def4b/0cdb2e64-2e70-456a-807c-dce69f86e03f.zip?GoogleAccessId=service-643320170172@gcf-admin-robot.iam.gserviceaccount.com&Expires=1625474651&Signature=m%2F64316Q3gonmL69pp6akQXszhSins%2Bs2AO3mHFZoFBOozQ0j0WXzypXnexyO7lEBRU1pjklhY%2B%2BOvKzd5t7CjV3XyMnj%2BOIJ8eSuYm5BrzZSCRTS0ueuY9A0qq3kcSbN6sM427x1g2fwBynpRd1xrO0uaI68fC8cT7JHbMZdAGEdDGZuqssqE5KKQxTW2tVQ8BpvGmsjgQA98%2FP3IJZIgxbRtgSenirnWpc2lB76T5zAwN4HUb6zw%2BDNe2yQ4NzAws3cdqNTyH%2FI%2BjM8NfeG6OBZWnJAEoEjAbDXBwlz304gWP1D3xAB6OgPKbOqBRAaElH5cFWbY2c6KvYSuVA8A%3D%3D","environmentVariables":{"FIREBASE_CONFIG":"{\"projectId\":\"ecommerce-1625a\",\"storageBucket\":\"ecommerce-1625a.appspot.com\",\"locationId\":\"asia-south1\"}"},"runtime":"nodejs12","ingressSettings":"ALLOW_ALL","buildId":"5d4447eb-7850-4359-bec5-59393fbc8b78"},"versionId":"142","updateTime":"2021-07-05T08:14:22Z","buildId":"e9085c09-5cee-491e-80f8-5fe54f611907","buildName":"projects/643320170172/locations/us-central1/builds/e9085c09-5cee-491e-80f8-5fe54f611907"}}
